<?xml version="1.0" encoding="UTF-8"?>
<!-- Generated by org.testng.reporters.JUnitXMLReporter -->
<testsuite hostname="Dhruvs-Air" ignored="0" name="Roicians Test Cases" tests="37" failures="2" timestamp="2020-06-30T14:04:05 EDT" time="448.916" errors="0">
  <testcase name="BodyCareerTest" time="3.996" classname="R_tests.R_HomePageTest"/>
  <testcase name="BodyContactUsTest" time="4.679" classname="R_tests.R_HomePageTest"/>
  <testcase name="BodyEventsTest" time="3.46" classname="R_tests.R_HomePageTest"/>
  <testcase name="BodyHoverITCTest" time="4.75" classname="R_tests.R_HomePageTest"/>
  <testcase name="BodyHoverSTTest" time="4.92" classname="R_tests.R_HomePageTest"/>
  <testcase name="BodyHoverTrainingTest" time="4.949" classname="R_tests.R_HomePageTest"/>
  <testcase name="BodyHoverWDDTest" time="5.257" classname="R_tests.R_HomePageTest"/>
  <testcase name="BodyMoreAboutUsTest" time="3.657" classname="R_tests.R_HomePageTest"/>
  <testcase name="BodyServicesTest" time="4.048" classname="R_tests.R_HomePageTest"/>
  <testcase name="BodyTrainingTest" time="3.396" classname="R_tests.R_HomePageTest"/>
  <testcase name="CareerTest" time="3.522" classname="R_tests.R_HomePageTest"/>
  <testcase name="EmailTest1" time="4.486" classname="R_tests.R_HomePageTest"/>
  <testcase name="EmailTest2" time="4.434" classname="R_tests.R_HomePageTest"/>
  <testcase name="EmailTest3" time="4.458" classname="R_tests.R_HomePageTest"/>
  <testcase name="EnquireNowTest" time="3.482" classname="R_tests.R_HomePageTest"/>
  <testcase name="EventLeftTest" time="4.993" classname="R_tests.R_HomePageTest"/>
  <testcase name="EventRightTest" time="5.059" classname="R_tests.R_HomePageTest"/>
  <testcase name="FooterFbTest" time="6.119" classname="R_tests.R_HomePageTest"/>
  <testcase name="FooterInTest" time="6.042" classname="R_tests.R_HomePageTest"/>
  <testcase name="FooterLiTest" time="6.065" classname="R_tests.R_HomePageTest"/>
  <testcase name="FooterReadTest" time="3.382" classname="R_tests.R_HomePageTest"/>
  <testcase name="FooterTwTest" time="6.046" classname="R_tests.R_HomePageTest"/>
  <testcase name="FooterYoTest" time="6.11" classname="R_tests.R_HomePageTest"/>
  <testcase name="HeaderFbTest" time="6.145" classname="R_tests.R_HomePageTest"/>
  <testcase name="HeaderInTest" time="6.116" classname="R_tests.R_HomePageTest"/>
  <testcase name="HeaderLiTest" time="6.149" classname="R_tests.R_HomePageTest"/>
  <testcase name="HeaderTwTest" time="6.193" classname="R_tests.R_HomePageTest"/>
  <testcase name="HeaderYoTest" time="6.07" classname="R_tests.R_HomePageTest"/>
  <testcase name="HomePageTitleTest" time="0.06" classname="R_tests.R_HomePageTest"/>
  <testcase name="OtherLeftTest" time="30.912" classname="R_tests.R_HomePageTest">
    <failure type="org.openqa.selenium.NoSuchElementException" message="no such element: Unable to locate element: {&amp;quot;method&amp;quot;:&amp;quot;xpath&amp;quot;,&amp;quot;selector&amp;quot;:&amp;quot;//div[@class=&amp;apos;owl-carousel-4col appendHtml owl-nav-top owl-carousel owl-theme owl-loaded&amp;apos;]//div[@class=&amp;apos;owl-prev&amp;apos;]&amp;quot;}
  (Session info: chrome=83.0.4103.116)
For documentation on this error, please visit: https://www.seleniumhq.org/exceptions/no_such_element.html
Build info: version: &amp;apos;3.141.59&amp;apos;, revision: &amp;apos;e82be7d358&amp;apos;, time: &amp;apos;2018-11-14T08:17:03&amp;apos;
System info: host: &amp;apos;Dhruvs-Air&amp;apos;, ip: &amp;apos;fe80:0:0:0:10a4:cf01:33f4:1086%en0&amp;apos;, os.name: &amp;apos;Mac OS X&amp;apos;, os.arch: &amp;apos;x86_64&amp;apos;, os.version: &amp;apos;10.15.5&amp;apos;, java.version: &amp;apos;1.8.0_231&amp;apos;
Driver info: org.openqa.selenium.chrome.ChromeDriver
Capabilities {acceptInsecureCerts: false, browserName: chrome, browserVersion: 83.0.4103.116, chrome: {chromedriverVersion: 83.0.4103.39 (ccbf011cb2d2b..., userDataDir: /var/folders/ft/qmvsvdsx79j...}, goog:chromeOptions: {debuggerAddress: localhost:57683}, javascriptEnabled: true, networkConnectionEnabled: false, pageLoadStrategy: normal, platform: MAC, platformName: MAC, proxy: Proxy(), setWindowRect: true, strictFileInteractability: false, timeouts: {implicit: 0, pageLoad: 300000, script: 30000}, unhandledPromptBehavior: dismiss and notify, webauthn:virtualAuthenticators: true}
Session ID: ea6a45035a110252912728ffbaa49a98
*** Element info: {Using=xpath, value=//div[@class=&amp;apos;owl-carousel-4col appendHtml owl-nav-top owl-carousel owl-theme owl-loaded&amp;apos;]//div[@class=&amp;apos;owl-prev&amp;apos;]}">
      <![CDATA[org.openqa.selenium.NoSuchElementException: no such element: Unable to locate element: {"method":"xpath","selector":"//div[@class='owl-carousel-4col appendHtml owl-nav-top owl-carousel owl-theme owl-loaded']//div[@class='owl-prev']"}
  (Session info: chrome=83.0.4103.116)
For documentation on this error, please visit: https://www.seleniumhq.org/exceptions/no_such_element.html
Build info: version: '3.141.59', revision: 'e82be7d358', time: '2018-11-14T08:17:03'
System info: host: 'Dhruvs-Air', ip: 'fe80:0:0:0:10a4:cf01:33f4:1086%en0', os.name: 'Mac OS X', os.arch: 'x86_64', os.version: '10.15.5', java.version: '1.8.0_231'
Driver info: org.openqa.selenium.chrome.ChromeDriver
Capabilities {acceptInsecureCerts: false, browserName: chrome, browserVersion: 83.0.4103.116, chrome: {chromedriverVersion: 83.0.4103.39 (ccbf011cb2d2b..., userDataDir: /var/folders/ft/qmvsvdsx79j...}, goog:chromeOptions: {debuggerAddress: localhost:57683}, javascriptEnabled: true, networkConnectionEnabled: false, pageLoadStrategy: normal, platform: MAC, platformName: MAC, proxy: Proxy(), setWindowRect: true, strictFileInteractability: false, timeouts: {implicit: 0, pageLoad: 300000, script: 30000}, unhandledPromptBehavior: dismiss and notify, webauthn:virtualAuthenticators: true}
Session ID: ea6a45035a110252912728ffbaa49a98
*** Element info: {Using=xpath, value=//div[@class='owl-carousel-4col appendHtml owl-nav-top owl-carousel owl-theme owl-loaded']//div[@class='owl-prev']}
at org.openqa.selenium.remote.http.W3CHttpResponseCodec.createException(W3CHttpResponseCodec.java:187)
at org.openqa.selenium.remote.http.W3CHttpResponseCodec.decode(W3CHttpResponseCodec.java:122)
at org.openqa.selenium.remote.http.W3CHttpResponseCodec.decode(W3CHttpResponseCodec.java:49)
at org.openqa.selenium.remote.HttpCommandExecutor.execute(HttpCommandExecutor.java:158)
at org.openqa.selenium.remote.service.DriverCommandExecutor.execute(DriverCommandExecutor.java:83)
at org.openqa.selenium.remote.RemoteWebDriver.execute(RemoteWebDriver.java:552)
at org.openqa.selenium.remote.RemoteWebDriver.findElement(RemoteWebDriver.java:323)
at org.openqa.selenium.remote.RemoteWebDriver.findElementByXPath(RemoteWebDriver.java:428)
at org.openqa.selenium.By$ByXPath.findElement(By.java:353)
at org.openqa.selenium.remote.RemoteWebDriver.findElement(RemoteWebDriver.java:315)
at org.openqa.selenium.support.events.EventFiringWebDriver.lambda$new$1(EventFiringWebDriver.java:105)
at com.sun.proxy.$Proxy7.findElement(Unknown Source)
at org.openqa.selenium.support.events.EventFiringWebDriver.findElement(EventFiringWebDriver.java:194)
at org.openqa.selenium.support.pagefactory.DefaultElementLocator.findElement(DefaultElementLocator.java:69)
at org.openqa.selenium.support.pagefactory.internal.LocatingElementHandler.invoke(LocatingElementHandler.java:38)
at com.sun.proxy.$Proxy11.click(Unknown Source)
at R_pages.R_HomePage.verifyOtherLeft(R_HomePage.java:361)
at R_tests.R_HomePageTest.OtherLeftTest(R_HomePageTest.java:147)
at java.util.ArrayList.forEach(ArrayList.java:1257)
... Removed 34 stack frames]]>
    </failure>
  </testcase> <!-- OtherLeftTest -->
  <testcase name="OtherRightTest" time="30.807" classname="R_tests.R_HomePageTest">
    <failure type="org.openqa.selenium.NoSuchElementException" message="no such element: Unable to locate element: {&amp;quot;method&amp;quot;:&amp;quot;xpath&amp;quot;,&amp;quot;selector&amp;quot;:&amp;quot;//div[@class=&amp;apos;owl-carousel-4col appendHtml owl-nav-top owl-carousel owl-theme owl-loaded&amp;apos;]//div[@class=&amp;apos;owl-next&amp;apos;]&amp;quot;}
  (Session info: chrome=83.0.4103.116)
For documentation on this error, please visit: https://www.seleniumhq.org/exceptions/no_such_element.html
Build info: version: &amp;apos;3.141.59&amp;apos;, revision: &amp;apos;e82be7d358&amp;apos;, time: &amp;apos;2018-11-14T08:17:03&amp;apos;
System info: host: &amp;apos;Dhruvs-Air&amp;apos;, ip: &amp;apos;fe80:0:0:0:10a4:cf01:33f4:1086%en0&amp;apos;, os.name: &amp;apos;Mac OS X&amp;apos;, os.arch: &amp;apos;x86_64&amp;apos;, os.version: &amp;apos;10.15.5&amp;apos;, java.version: &amp;apos;1.8.0_231&amp;apos;
Driver info: org.openqa.selenium.chrome.ChromeDriver
Capabilities {acceptInsecureCerts: false, browserName: chrome, browserVersion: 83.0.4103.116, chrome: {chromedriverVersion: 83.0.4103.39 (ccbf011cb2d2b..., userDataDir: /var/folders/ft/qmvsvdsx79j...}, goog:chromeOptions: {debuggerAddress: localhost:57851}, javascriptEnabled: true, networkConnectionEnabled: false, pageLoadStrategy: normal, platform: MAC, platformName: MAC, proxy: Proxy(), setWindowRect: true, strictFileInteractability: false, timeouts: {implicit: 0, pageLoad: 300000, script: 30000}, unhandledPromptBehavior: dismiss and notify, webauthn:virtualAuthenticators: true}
Session ID: ccb36bcddaabf022a5b9866f61de83ab
*** Element info: {Using=xpath, value=//div[@class=&amp;apos;owl-carousel-4col appendHtml owl-nav-top owl-carousel owl-theme owl-loaded&amp;apos;]//div[@class=&amp;apos;owl-next&amp;apos;]}">
      <![CDATA[org.openqa.selenium.NoSuchElementException: no such element: Unable to locate element: {"method":"xpath","selector":"//div[@class='owl-carousel-4col appendHtml owl-nav-top owl-carousel owl-theme owl-loaded']//div[@class='owl-next']"}
  (Session info: chrome=83.0.4103.116)
For documentation on this error, please visit: https://www.seleniumhq.org/exceptions/no_such_element.html
Build info: version: '3.141.59', revision: 'e82be7d358', time: '2018-11-14T08:17:03'
System info: host: 'Dhruvs-Air', ip: 'fe80:0:0:0:10a4:cf01:33f4:1086%en0', os.name: 'Mac OS X', os.arch: 'x86_64', os.version: '10.15.5', java.version: '1.8.0_231'
Driver info: org.openqa.selenium.chrome.ChromeDriver
Capabilities {acceptInsecureCerts: false, browserName: chrome, browserVersion: 83.0.4103.116, chrome: {chromedriverVersion: 83.0.4103.39 (ccbf011cb2d2b..., userDataDir: /var/folders/ft/qmvsvdsx79j...}, goog:chromeOptions: {debuggerAddress: localhost:57851}, javascriptEnabled: true, networkConnectionEnabled: false, pageLoadStrategy: normal, platform: MAC, platformName: MAC, proxy: Proxy(), setWindowRect: true, strictFileInteractability: false, timeouts: {implicit: 0, pageLoad: 300000, script: 30000}, unhandledPromptBehavior: dismiss and notify, webauthn:virtualAuthenticators: true}
Session ID: ccb36bcddaabf022a5b9866f61de83ab
*** Element info: {Using=xpath, value=//div[@class='owl-carousel-4col appendHtml owl-nav-top owl-carousel owl-theme owl-loaded']//div[@class='owl-next']}
at org.openqa.selenium.remote.http.W3CHttpResponseCodec.createException(W3CHttpResponseCodec.java:187)
at org.openqa.selenium.remote.http.W3CHttpResponseCodec.decode(W3CHttpResponseCodec.java:122)
at org.openqa.selenium.remote.http.W3CHttpResponseCodec.decode(W3CHttpResponseCodec.java:49)
at org.openqa.selenium.remote.HttpCommandExecutor.execute(HttpCommandExecutor.java:158)
at org.openqa.selenium.remote.service.DriverCommandExecutor.execute(DriverCommandExecutor.java:83)
at org.openqa.selenium.remote.RemoteWebDriver.execute(RemoteWebDriver.java:552)
at org.openqa.selenium.remote.RemoteWebDriver.findElement(RemoteWebDriver.java:323)
at org.openqa.selenium.remote.RemoteWebDriver.findElementByXPath(RemoteWebDriver.java:428)
at org.openqa.selenium.By$ByXPath.findElement(By.java:353)
at org.openqa.selenium.remote.RemoteWebDriver.findElement(RemoteWebDriver.java:315)
at org.openqa.selenium.support.events.EventFiringWebDriver.lambda$new$1(EventFiringWebDriver.java:105)
at com.sun.proxy.$Proxy7.findElement(Unknown Source)
at org.openqa.selenium.support.events.EventFiringWebDriver.findElement(EventFiringWebDriver.java:194)
at org.openqa.selenium.support.pagefactory.DefaultElementLocator.findElement(DefaultElementLocator.java:69)
at org.openqa.selenium.support.pagefactory.internal.LocatingElementHandler.invoke(LocatingElementHandler.java:38)
at com.sun.proxy.$Proxy11.click(Unknown Source)
at R_pages.R_HomePage.verifyOtherRight(R_HomePage.java:369)
at R_tests.R_HomePageTest.OtherRightTest(R_HomePageTest.java:152)
at java.util.ArrayList.forEach(ArrayList.java:1257)
... Removed 34 stack frames]]>
    </failure>
  </testcase> <!-- OtherRightTest -->
  <testcase name="VideoLeftTest" time="5.008" classname="R_tests.R_HomePageTest"/>
  <testcase name="VideoRightTest" time="4.988" classname="R_tests.R_HomePageTest"/>
  <testcase name="WhoWeAreTest" time="3.617" classname="R_tests.R_HomePageTest"/>
  <testcase name="logoTest" time="3.883" classname="R_tests.R_HomePageTest"/>
  <testcase name="validEnquireNowFormTest" time="44.152" classname="R_tests.R_EnquireNowTest"/>
  <testcase name="validCareerFormTest" time="29.753" classname="R_tests.R_CareerTest"/>
</testsuite> <!-- Roicians Test Cases -->
