<html>
<head>
<title>TestNG:  Default test</title>
<link href="../testng.css" rel="stylesheet" type="text/css" />
<link href="../my-testng.css" rel="stylesheet" type="text/css" />

<style type="text/css">
.log { display: none;} 
.stack-trace { display: none;} 
</style>
<script type="text/javascript">
<!--
function flip(e) {
  current = e.style.display;
  if (current == 'block') {
    e.style.display = 'none';
    return 0;
  }
  else {
    e.style.display = 'block';
    return 1;
  }
}

function toggleBox(szDivId, elem, msg1, msg2)
{
  var res = -1;  if (document.getElementById) {
    res = flip(document.getElementById(szDivId));
  }
  else if (document.all) {
    // this is the way old msie versions work
    res = flip(document.all[szDivId]);
  }
  if(elem) {
    if(res == 0) elem.innerHTML = msg1; else elem.innerHTML = msg2;
  }

}

function toggleAllBoxes() {
  if (document.getElementsByTagName) {
    d = document.getElementsByTagName('div');
    for (i = 0; i < d.length; i++) {
      if (d[i].className == 'log') {
        flip(d[i]);
      }
    }
  }
}

// -->
</script>

</head>
<body>
<h2 align='center'>Default test</h2><table border='1' align="center">
<tr>
<td>Tests passed/Failed/Skipped:</td><td>33/2/0</td>
</tr><tr>
<td>Started on:</td><td>Tue Jun 30 02:28:15 EDT 2020</td>
</tr>
<tr><td>Total time:</td><td>381 seconds (381349 ms)</td>
</tr><tr>
<td>Included groups:</td><td></td>
</tr><tr>
<td>Excluded groups:</td><td></td>
</tr>
</table><p/>
<small><i>(Hover the method name to see the test class name)</i></small><p/>
<table width='100%' border='1' class='invocation-failed'>
<tr><td colspan='4' align='center'><b>FAILED TESTS</b></td></tr>
<tr><td><b>Test method</b></td>
<td width="30%"><b>Exception</b></td>
<td width="10%"><b>Time (seconds)</b></td>
<td><b>Instance</b></td>
</tr>
<tr>
<td title='R_tests.R_HomePageTest.OtherLeftTest()'><b>OtherLeftTest</b><br>Test class: R_tests.R_HomePageTest</td>
<td><div><pre>org.openqa.selenium.NoSuchElementException: no such element: Unable to locate element: {&quot;method&quot;:&quot;xpath&quot;,&quot;selector&quot;:&quot;//div[@class=&apos;owl-carousel-4col appendHtml owl-nav-top owl-carousel owl-theme owl-loaded&apos;]//div[@class=&apos;owl-prev&apos;]&quot;}
  (Session info: chrome=83.0.4103.116)
For documentation on this error, please visit: https://www.seleniumhq.org/exceptions/no_such_element.html
Build info: version: &apos;3.141.59&apos;, revision: &apos;e82be7d358&apos;, time: &apos;2018-11-14T08:17:03&apos;
System info: host: &apos;Dhruvs-Air&apos;, ip: &apos;fe80:0:0:0:10a4:cf01:33f4:1086%en0&apos;, os.name: &apos;Mac OS X&apos;, os.arch: &apos;x86_64&apos;, os.version: &apos;10.15.5&apos;, java.version: &apos;1.8.0_231&apos;
Driver info: org.openqa.selenium.chrome.ChromeDriver
Capabilities {acceptInsecureCerts: false, browserName: chrome, browserVersion: 83.0.4103.116, chrome: {chromedriverVersion: 83.0.4103.39 (ccbf011cb2d2b..., userDataDir: /var/folders/ft/qmvsvdsx79j...}, goog:chromeOptions: {debuggerAddress: localhost:63074}, javascriptEnabled: true, networkConnectionEnabled: false, pageLoadStrategy: normal, platform: MAC, platformName: MAC, proxy: Proxy(), setWindowRect: true, strictFileInteractability: false, timeouts: {implicit: 0, pageLoad: 300000, script: 30000}, unhandledPromptBehavior: dismiss and notify, webauthn:virtualAuthenticators: true}
Session ID: 61adecbdaecb181c32f8b0662968295b
*** Element info: {Using=xpath, value=//div[@class=&apos;owl-carousel-4col appendHtml owl-nav-top owl-carousel owl-theme owl-loaded&apos;]//div[@class=&apos;owl-prev&apos;]}
	at sun.reflect.NativeConstructorAccessorImpl.newInstance0(Native Method)
	at sun.reflect.NativeConstructorAccessorImpl.newInstance(NativeConstructorAccessorImpl.java:62)
	at sun.reflect.DelegatingConstructorAccessorImpl.newInstance(DelegatingConstructorAccessorImpl.java:45)
	at java.lang.reflect.Constructor.newInstance(Constructor.java:423)
	at org.openqa.selenium.remote.http.W3CHttpResponseCodec.createException(W3CHttpResponseCodec.java:187)
	at org.openqa.selenium.remote.http.W3CHttpResponseCodec.decode(W3CHttpResponseCodec.java:122)
	at org.openqa.selenium.remote.http.W3CHttpResponseCodec.decode(W3CHttpResponseCodec.java:49)
	at org.openqa.selenium.remote.HttpCommandExecutor.execute(HttpCommandExecutor.java:158)
	at org.openqa.selenium.remote.service.DriverCommandExecutor.execute(DriverCommandExecutor.java:83)
	at org.openqa.selenium.remote.RemoteWebDriver.execute(RemoteWebDriver.java:552)
	at org.openqa.selenium.remote.RemoteWebDriver.findElement(RemoteWebDriver.java:323)
	at org.openqa.selenium.remote.RemoteWebDriver.findElementByXPath(RemoteWebDriver.java:428)
	at org.openqa.selenium.By$ByXPath.findElement(By.java:353)
	at org.openqa.selenium.remote.RemoteWebDriver.findElement(RemoteWebDriver.java:315)
	at sun.reflect.GeneratedMethodAccessor5.invoke(Unknown Source)
	at sun.reflect.DelegatingMethodAccessorImpl.invoke(DelegatingMethodAccessorImpl.java:43)
	at java.lang.reflect.Method.invoke(Method.java:498)
	at org.openqa.selenium.support.events.EventFiringWebDriver.lambda$new$1(EventFiringWebDriver.java:105)
	at com.sun.proxy.$Proxy7.findElement(Unknown Source)
	at org.openqa.selenium.support.events.EventFiringWebDriver.findElement(EventFiringWebDriver.java:194)
	at org.openqa.selenium.support.pagefactory.DefaultElementLocator.findElement(DefaultElementLocator.java:69)
	at org.openqa.selenium.support.pagefactory.internal.LocatingElementHandler.invoke(LocatingElementHandler.java:38)
	at com.sun.proxy.$Proxy11.click(Unknown Source)
	at R_pages.R_HomePage.verifyOtherLeft(R_HomePage.java:361)
	at R_tests.R_HomePageTest.OtherLeftTest(R_HomePageTest.java:147)
	at sun.reflect.NativeMethodAccessorImpl.invoke0(Native Method)
	at sun.reflect.NativeMethodAccessorImpl.invoke(NativeMethodAccessorImpl.java:62)
	at sun.reflect.DelegatingMethodAccessorImpl.invoke(DelegatingMethodAccessorImpl.java:43)
	at java.lang.reflect.Method.invoke(Method.java:498)
	at org.testng.internal.MethodInvocationHelper.invokeMethod(MethodInvocationHelper.java:133)
	at org.testng.internal.TestInvoker.invokeMethod(TestInvoker.java:584)
	at org.testng.internal.TestInvoker.invokeTestMethod(TestInvoker.java:172)
	at org.testng.internal.MethodRunner.runInSequence(MethodRunner.java:46)
	at org.testng.internal.TestInvoker$MethodInvocationAgent.invoke(TestInvoker.java:804)
	at org.testng.internal.TestInvoker.invokeTestMethods(TestInvoker.java:145)
	at org.testng.internal.TestMethodWorker.invokeTestMethods(TestMethodWorker.java:146)
	at org.testng.internal.TestMethodWorker.run(TestMethodWorker.java:128)
	at java.util.ArrayList.forEach(ArrayList.java:1257)
	at org.testng.TestRunner.privateRun(TestRunner.java:770)
	at org.testng.TestRunner.run(TestRunner.java:591)
	at org.testng.SuiteRunner.runTest(SuiteRunner.java:402)
	at org.testng.SuiteRunner.runSequentially(SuiteRunner.java:396)
	at org.testng.SuiteRunner.privateRun(SuiteRunner.java:355)
	at org.testng.SuiteRunner.run(SuiteRunner.java:304)
	at org.testng.SuiteRunnerWorker.runSuite(SuiteRunnerWorker.java:53)
	at org.testng.SuiteRunnerWorker.run(SuiteRunnerWorker.java:96)
	at org.testng.TestNG.runSuitesSequentially(TestNG.java:1180)
	at org.testng.TestNG.runSuitesLocally(TestNG.java:1102)
	at org.testng.TestNG.runSuites(TestNG.java:1032)
	at org.testng.TestNG.run(TestNG.java:1000)
	at org.testng.remote.AbstractRemoteTestNG.run(AbstractRemoteTestNG.java:115)
	at org.testng.remote.RemoteTestNG.initAndRun(RemoteTestNG.java:251)
	at org.testng.remote.RemoteTestNG.main(RemoteTestNG.java:77)
</pre></div><a href='#' onClick='toggleBox("stack-trace753705711", this, "Click to show all stack frames", "Click to hide stack frames")'>Click to show all stack frames</a>
<div class='stack-trace' id='stack-trace753705711'><pre>org.openqa.selenium.NoSuchElementException: no such element: Unable to locate element: {&quot;method&quot;:&quot;xpath&quot;,&quot;selector&quot;:&quot;//div[@class=&apos;owl-carousel-4col appendHtml owl-nav-top owl-carousel owl-theme owl-loaded&apos;]//div[@class=&apos;owl-prev&apos;]&quot;}
  (Session info: chrome=83.0.4103.116)
For documentation on this error, please visit: https://www.seleniumhq.org/exceptions/no_such_element.html
Build info: version: &apos;3.141.59&apos;, revision: &apos;e82be7d358&apos;, time: &apos;2018-11-14T08:17:03&apos;
System info: host: &apos;Dhruvs-Air&apos;, ip: &apos;fe80:0:0:0:10a4:cf01:33f4:1086%en0&apos;, os.name: &apos;Mac OS X&apos;, os.arch: &apos;x86_64&apos;, os.version: &apos;10.15.5&apos;, java.version: &apos;1.8.0_231&apos;
Driver info: org.openqa.selenium.chrome.ChromeDriver
Capabilities {acceptInsecureCerts: false, browserName: chrome, browserVersion: 83.0.4103.116, chrome: {chromedriverVersion: 83.0.4103.39 (ccbf011cb2d2b..., userDataDir: /var/folders/ft/qmvsvdsx79j...}, goog:chromeOptions: {debuggerAddress: localhost:63074}, javascriptEnabled: true, networkConnectionEnabled: false, pageLoadStrategy: normal, platform: MAC, platformName: MAC, proxy: Proxy(), setWindowRect: true, strictFileInteractability: false, timeouts: {implicit: 0, pageLoad: 300000, script: 30000}, unhandledPromptBehavior: dismiss and notify, webauthn:virtualAuthenticators: true}
Session ID: 61adecbdaecb181c32f8b0662968295b
*** Element info: {Using=xpath, value=//div[@class=&apos;owl-carousel-4col appendHtml owl-nav-top owl-carousel owl-theme owl-loaded&apos;]//div[@class=&apos;owl-prev&apos;]}
	at sun.reflect.NativeConstructorAccessorImpl.newInstance0(Native Method)
	at sun.reflect.NativeConstructorAccessorImpl.newInstance(NativeConstructorAccessorImpl.java:62)
	at sun.reflect.DelegatingConstructorAccessorImpl.newInstance(DelegatingConstructorAccessorImpl.java:45)
	at java.lang.reflect.Constructor.newInstance(Constructor.java:423)
	at org.openqa.selenium.remote.http.W3CHttpResponseCodec.createException(W3CHttpResponseCodec.java:187)
	at org.openqa.selenium.remote.http.W3CHttpResponseCodec.decode(W3CHttpResponseCodec.java:122)
	at org.openqa.selenium.remote.http.W3CHttpResponseCodec.decode(W3CHttpResponseCodec.java:49)
	at org.openqa.selenium.remote.HttpCommandExecutor.execute(HttpCommandExecutor.java:158)
	at org.openqa.selenium.remote.service.DriverCommandExecutor.execute(DriverCommandExecutor.java:83)
	at org.openqa.selenium.remote.RemoteWebDriver.execute(RemoteWebDriver.java:552)
	at org.openqa.selenium.remote.RemoteWebDriver.findElement(RemoteWebDriver.java:323)
	at org.openqa.selenium.remote.RemoteWebDriver.findElementByXPath(RemoteWebDriver.java:428)
	at org.openqa.selenium.By$ByXPath.findElement(By.java:353)
	at org.openqa.selenium.remote.RemoteWebDriver.findElement(RemoteWebDriver.java:315)
	at sun.reflect.GeneratedMethodAccessor5.invoke(Unknown Source)
	at sun.reflect.DelegatingMethodAccessorImpl.invoke(DelegatingMethodAccessorImpl.java:43)
	at java.lang.reflect.Method.invoke(Method.java:498)
	at org.openqa.selenium.support.events.EventFiringWebDriver.lambda$new$1(EventFiringWebDriver.java:105)
	at com.sun.proxy.$Proxy7.findElement(Unknown Source)
	at org.openqa.selenium.support.events.EventFiringWebDriver.findElement(EventFiringWebDriver.java:194)
	at org.openqa.selenium.support.pagefactory.DefaultElementLocator.findElement(DefaultElementLocator.java:69)
	at org.openqa.selenium.support.pagefactory.internal.LocatingElementHandler.invoke(LocatingElementHandler.java:38)
	at com.sun.proxy.$Proxy11.click(Unknown Source)
	at R_pages.R_HomePage.verifyOtherLeft(R_HomePage.java:361)
	at R_tests.R_HomePageTest.OtherLeftTest(R_HomePageTest.java:147)
	at sun.reflect.NativeMethodAccessorImpl.invoke0(Native Method)
	at sun.reflect.NativeMethodAccessorImpl.invoke(NativeMethodAccessorImpl.java:62)
	at sun.reflect.DelegatingMethodAccessorImpl.invoke(DelegatingMethodAccessorImpl.java:43)
	at java.lang.reflect.Method.invoke(Method.java:498)
	at org.testng.internal.MethodInvocationHelper.invokeMethod(MethodInvocationHelper.java:133)
	at org.testng.internal.TestInvoker.invokeMethod(TestInvoker.java:584)
	at org.testng.internal.TestInvoker.invokeTestMethod(TestInvoker.java:172)
	at org.testng.internal.MethodRunner.runInSequence(MethodRunner.java:46)
	at org.testng.internal.TestInvoker$MethodInvocationAgent.invoke(TestInvoker.java:804)
	at org.testng.internal.TestInvoker.invokeTestMethods(TestInvoker.java:145)
	at org.testng.internal.TestMethodWorker.invokeTestMethods(TestMethodWorker.java:146)
	at org.testng.internal.TestMethodWorker.run(TestMethodWorker.java:128)
	at java.util.ArrayList.forEach(ArrayList.java:1257)
	at org.testng.TestRunner.privateRun(TestRunner.java:770)
	at org.testng.TestRunner.run(TestRunner.java:591)
	at org.testng.SuiteRunner.runTest(SuiteRunner.java:402)
	at org.testng.SuiteRunner.runSequentially(SuiteRunner.java:396)
	at org.testng.SuiteRunner.privateRun(SuiteRunner.java:355)
	at org.testng.SuiteRunner.run(SuiteRunner.java:304)
	at org.testng.SuiteRunnerWorker.runSuite(SuiteRunnerWorker.java:53)
	at org.testng.SuiteRunnerWorker.run(SuiteRunnerWorker.java:96)
	at org.testng.TestNG.runSuitesSequentially(TestNG.java:1180)
	at org.testng.TestNG.runSuitesLocally(TestNG.java:1102)
	at org.testng.TestNG.runSuites(TestNG.java:1032)
	at org.testng.TestNG.run(TestNG.java:1000)
	at org.testng.remote.AbstractRemoteTestNG.run(AbstractRemoteTestNG.java:115)
	at org.testng.remote.RemoteTestNG.initAndRun(RemoteTestNG.java:251)
	at org.testng.remote.RemoteTestNG.main(RemoteTestNG.java:77)
</pre></div></td>
<td>30</td>
<td>R_tests.R_HomePageTest@2353b3e6</td></tr>
<tr>
<td title='R_tests.R_HomePageTest.OtherRightTest()'><b>OtherRightTest</b><br>Test class: R_tests.R_HomePageTest</td>
<td><div><pre>org.openqa.selenium.NoSuchElementException: no such element: Unable to locate element: {&quot;method&quot;:&quot;xpath&quot;,&quot;selector&quot;:&quot;//div[@class=&apos;owl-carousel-4col appendHtml owl-nav-top owl-carousel owl-theme owl-loaded&apos;]//div[@class=&apos;owl-next&apos;]&quot;}
  (Session info: chrome=83.0.4103.116)
For documentation on this error, please visit: https://www.seleniumhq.org/exceptions/no_such_element.html
Build info: version: &apos;3.141.59&apos;, revision: &apos;e82be7d358&apos;, time: &apos;2018-11-14T08:17:03&apos;
System info: host: &apos;Dhruvs-Air&apos;, ip: &apos;fe80:0:0:0:10a4:cf01:33f4:1086%en0&apos;, os.name: &apos;Mac OS X&apos;, os.arch: &apos;x86_64&apos;, os.version: &apos;10.15.5&apos;, java.version: &apos;1.8.0_231&apos;
Driver info: org.openqa.selenium.chrome.ChromeDriver
Capabilities {acceptInsecureCerts: false, browserName: chrome, browserVersion: 83.0.4103.116, chrome: {chromedriverVersion: 83.0.4103.39 (ccbf011cb2d2b..., userDataDir: /var/folders/ft/qmvsvdsx79j...}, goog:chromeOptions: {debuggerAddress: localhost:63245}, javascriptEnabled: true, networkConnectionEnabled: false, pageLoadStrategy: normal, platform: MAC, platformName: MAC, proxy: Proxy(), setWindowRect: true, strictFileInteractability: false, timeouts: {implicit: 0, pageLoad: 300000, script: 30000}, unhandledPromptBehavior: dismiss and notify, webauthn:virtualAuthenticators: true}
Session ID: 34561cfe4ff31254eb66fbada8f5e0ff
*** Element info: {Using=xpath, value=//div[@class=&apos;owl-carousel-4col appendHtml owl-nav-top owl-carousel owl-theme owl-loaded&apos;]//div[@class=&apos;owl-next&apos;]}
	at sun.reflect.NativeConstructorAccessorImpl.newInstance0(Native Method)
	at sun.reflect.NativeConstructorAccessorImpl.newInstance(NativeConstructorAccessorImpl.java:62)
	at sun.reflect.DelegatingConstructorAccessorImpl.newInstance(DelegatingConstructorAccessorImpl.java:45)
	at java.lang.reflect.Constructor.newInstance(Constructor.java:423)
	at org.openqa.selenium.remote.http.W3CHttpResponseCodec.createException(W3CHttpResponseCodec.java:187)
	at org.openqa.selenium.remote.http.W3CHttpResponseCodec.decode(W3CHttpResponseCodec.java:122)
	at org.openqa.selenium.remote.http.W3CHttpResponseCodec.decode(W3CHttpResponseCodec.java:49)
	at org.openqa.selenium.remote.HttpCommandExecutor.execute(HttpCommandExecutor.java:158)
	at org.openqa.selenium.remote.service.DriverCommandExecutor.execute(DriverCommandExecutor.java:83)
	at org.openqa.selenium.remote.RemoteWebDriver.execute(RemoteWebDriver.java:552)
	at org.openqa.selenium.remote.RemoteWebDriver.findElement(RemoteWebDriver.java:323)
	at org.openqa.selenium.remote.RemoteWebDriver.findElementByXPath(RemoteWebDriver.java:428)
	at org.openqa.selenium.By$ByXPath.findElement(By.java:353)
	at org.openqa.selenium.remote.RemoteWebDriver.findElement(RemoteWebDriver.java:315)
	at sun.reflect.GeneratedMethodAccessor5.invoke(Unknown Source)
	at sun.reflect.DelegatingMethodAccessorImpl.invoke(DelegatingMethodAccessorImpl.java:43)
	at java.lang.reflect.Method.invoke(Method.java:498)
	at org.openqa.selenium.support.events.EventFiringWebDriver.lambda$new$1(EventFiringWebDriver.java:105)
	at com.sun.proxy.$Proxy7.findElement(Unknown Source)
	at org.openqa.selenium.support.events.EventFiringWebDriver.findElement(EventFiringWebDriver.java:194)
	at org.openqa.selenium.support.pagefactory.DefaultElementLocator.findElement(DefaultElementLocator.java:69)
	at org.openqa.selenium.support.pagefactory.internal.LocatingElementHandler.invoke(LocatingElementHandler.java:38)
	at com.sun.proxy.$Proxy11.click(Unknown Source)
	at R_pages.R_HomePage.verifyOtherRight(R_HomePage.java:369)
	at R_tests.R_HomePageTest.OtherRightTest(R_HomePageTest.java:152)
	at sun.reflect.NativeMethodAccessorImpl.invoke0(Native Method)
	at sun.reflect.NativeMethodAccessorImpl.invoke(NativeMethodAccessorImpl.java:62)
	at sun.reflect.DelegatingMethodAccessorImpl.invoke(DelegatingMethodAccessorImpl.java:43)
	at java.lang.reflect.Method.invoke(Method.java:498)
	at org.testng.internal.MethodInvocationHelper.invokeMethod(MethodInvocationHelper.java:133)
	at org.testng.internal.TestInvoker.invokeMethod(TestInvoker.java:584)
	at org.testng.internal.TestInvoker.invokeTestMethod(TestInvoker.java:172)
	at org.testng.internal.MethodRunner.runInSequence(MethodRunner.java:46)
	at org.testng.internal.TestInvoker$MethodInvocationAgent.invoke(TestInvoker.java:804)
	at org.testng.internal.TestInvoker.invokeTestMethods(TestInvoker.java:145)
	at org.testng.internal.TestMethodWorker.invokeTestMethods(TestMethodWorker.java:146)
	at org.testng.internal.TestMethodWorker.run(TestMethodWorker.java:128)
	at java.util.ArrayList.forEach(ArrayList.java:1257)
	at org.testng.TestRunner.privateRun(TestRunner.java:770)
	at org.testng.TestRunner.run(TestRunner.java:591)
	at org.testng.SuiteRunner.runTest(SuiteRunner.java:402)
	at org.testng.SuiteRunner.runSequentially(SuiteRunner.java:396)
	at org.testng.SuiteRunner.privateRun(SuiteRunner.java:355)
	at org.testng.SuiteRunner.run(SuiteRunner.java:304)
	at org.testng.SuiteRunnerWorker.runSuite(SuiteRunnerWorker.java:53)
	at org.testng.SuiteRunnerWorker.run(SuiteRunnerWorker.java:96)
	at org.testng.TestNG.runSuitesSequentially(TestNG.java:1180)
	at org.testng.TestNG.runSuitesLocally(TestNG.java:1102)
	at org.testng.TestNG.runSuites(TestNG.java:1032)
	at org.testng.TestNG.run(TestNG.java:1000)
	at org.testng.remote.AbstractRemoteTestNG.run(AbstractRemoteTestNG.java:115)
	at org.testng.remote.RemoteTestNG.initAndRun(RemoteTestNG.java:251)
	at org.testng.remote.RemoteTestNG.main(RemoteTestNG.java:77)
</pre></div><a href='#' onClick='toggleBox("stack-trace2093996783", this, "Click to show all stack frames", "Click to hide stack frames")'>Click to show all stack frames</a>
<div class='stack-trace' id='stack-trace2093996783'><pre>org.openqa.selenium.NoSuchElementException: no such element: Unable to locate element: {&quot;method&quot;:&quot;xpath&quot;,&quot;selector&quot;:&quot;//div[@class=&apos;owl-carousel-4col appendHtml owl-nav-top owl-carousel owl-theme owl-loaded&apos;]//div[@class=&apos;owl-next&apos;]&quot;}
  (Session info: chrome=83.0.4103.116)
For documentation on this error, please visit: https://www.seleniumhq.org/exceptions/no_such_element.html
Build info: version: &apos;3.141.59&apos;, revision: &apos;e82be7d358&apos;, time: &apos;2018-11-14T08:17:03&apos;
System info: host: &apos;Dhruvs-Air&apos;, ip: &apos;fe80:0:0:0:10a4:cf01:33f4:1086%en0&apos;, os.name: &apos;Mac OS X&apos;, os.arch: &apos;x86_64&apos;, os.version: &apos;10.15.5&apos;, java.version: &apos;1.8.0_231&apos;
Driver info: org.openqa.selenium.chrome.ChromeDriver
Capabilities {acceptInsecureCerts: false, browserName: chrome, browserVersion: 83.0.4103.116, chrome: {chromedriverVersion: 83.0.4103.39 (ccbf011cb2d2b..., userDataDir: /var/folders/ft/qmvsvdsx79j...}, goog:chromeOptions: {debuggerAddress: localhost:63245}, javascriptEnabled: true, networkConnectionEnabled: false, pageLoadStrategy: normal, platform: MAC, platformName: MAC, proxy: Proxy(), setWindowRect: true, strictFileInteractability: false, timeouts: {implicit: 0, pageLoad: 300000, script: 30000}, unhandledPromptBehavior: dismiss and notify, webauthn:virtualAuthenticators: true}
Session ID: 34561cfe4ff31254eb66fbada8f5e0ff
*** Element info: {Using=xpath, value=//div[@class=&apos;owl-carousel-4col appendHtml owl-nav-top owl-carousel owl-theme owl-loaded&apos;]//div[@class=&apos;owl-next&apos;]}
	at sun.reflect.NativeConstructorAccessorImpl.newInstance0(Native Method)
	at sun.reflect.NativeConstructorAccessorImpl.newInstance(NativeConstructorAccessorImpl.java:62)
	at sun.reflect.DelegatingConstructorAccessorImpl.newInstance(DelegatingConstructorAccessorImpl.java:45)
	at java.lang.reflect.Constructor.newInstance(Constructor.java:423)
	at org.openqa.selenium.remote.http.W3CHttpResponseCodec.createException(W3CHttpResponseCodec.java:187)
	at org.openqa.selenium.remote.http.W3CHttpResponseCodec.decode(W3CHttpResponseCodec.java:122)
	at org.openqa.selenium.remote.http.W3CHttpResponseCodec.decode(W3CHttpResponseCodec.java:49)
	at org.openqa.selenium.remote.HttpCommandExecutor.execute(HttpCommandExecutor.java:158)
	at org.openqa.selenium.remote.service.DriverCommandExecutor.execute(DriverCommandExecutor.java:83)
	at org.openqa.selenium.remote.RemoteWebDriver.execute(RemoteWebDriver.java:552)
	at org.openqa.selenium.remote.RemoteWebDriver.findElement(RemoteWebDriver.java:323)
	at org.openqa.selenium.remote.RemoteWebDriver.findElementByXPath(RemoteWebDriver.java:428)
	at org.openqa.selenium.By$ByXPath.findElement(By.java:353)
	at org.openqa.selenium.remote.RemoteWebDriver.findElement(RemoteWebDriver.java:315)
	at sun.reflect.GeneratedMethodAccessor5.invoke(Unknown Source)
	at sun.reflect.DelegatingMethodAccessorImpl.invoke(DelegatingMethodAccessorImpl.java:43)
	at java.lang.reflect.Method.invoke(Method.java:498)
	at org.openqa.selenium.support.events.EventFiringWebDriver.lambda$new$1(EventFiringWebDriver.java:105)
	at com.sun.proxy.$Proxy7.findElement(Unknown Source)
	at org.openqa.selenium.support.events.EventFiringWebDriver.findElement(EventFiringWebDriver.java:194)
	at org.openqa.selenium.support.pagefactory.DefaultElementLocator.findElement(DefaultElementLocator.java:69)
	at org.openqa.selenium.support.pagefactory.internal.LocatingElementHandler.invoke(LocatingElementHandler.java:38)
	at com.sun.proxy.$Proxy11.click(Unknown Source)
	at R_pages.R_HomePage.verifyOtherRight(R_HomePage.java:369)
	at R_tests.R_HomePageTest.OtherRightTest(R_HomePageTest.java:152)
	at sun.reflect.NativeMethodAccessorImpl.invoke0(Native Method)
	at sun.reflect.NativeMethodAccessorImpl.invoke(NativeMethodAccessorImpl.java:62)
	at sun.reflect.DelegatingMethodAccessorImpl.invoke(DelegatingMethodAccessorImpl.java:43)
	at java.lang.reflect.Method.invoke(Method.java:498)
	at org.testng.internal.MethodInvocationHelper.invokeMethod(MethodInvocationHelper.java:133)
	at org.testng.internal.TestInvoker.invokeMethod(TestInvoker.java:584)
	at org.testng.internal.TestInvoker.invokeTestMethod(TestInvoker.java:172)
	at org.testng.internal.MethodRunner.runInSequence(MethodRunner.java:46)
	at org.testng.internal.TestInvoker$MethodInvocationAgent.invoke(TestInvoker.java:804)
	at org.testng.internal.TestInvoker.invokeTestMethods(TestInvoker.java:145)
	at org.testng.internal.TestMethodWorker.invokeTestMethods(TestMethodWorker.java:146)
	at org.testng.internal.TestMethodWorker.run(TestMethodWorker.java:128)
	at java.util.ArrayList.forEach(ArrayList.java:1257)
	at org.testng.TestRunner.privateRun(TestRunner.java:770)
	at org.testng.TestRunner.run(TestRunner.java:591)
	at org.testng.SuiteRunner.runTest(SuiteRunner.java:402)
	at org.testng.SuiteRunner.runSequentially(SuiteRunner.java:396)
	at org.testng.SuiteRunner.privateRun(SuiteRunner.java:355)
	at org.testng.SuiteRunner.run(SuiteRunner.java:304)
	at org.testng.SuiteRunnerWorker.runSuite(SuiteRunnerWorker.java:53)
	at org.testng.SuiteRunnerWorker.run(SuiteRunnerWorker.java:96)
	at org.testng.TestNG.runSuitesSequentially(TestNG.java:1180)
	at org.testng.TestNG.runSuitesLocally(TestNG.java:1102)
	at org.testng.TestNG.runSuites(TestNG.java:1032)
	at org.testng.TestNG.run(TestNG.java:1000)
	at org.testng.remote.AbstractRemoteTestNG.run(AbstractRemoteTestNG.java:115)
	at org.testng.remote.RemoteTestNG.initAndRun(RemoteTestNG.java:251)
	at org.testng.remote.RemoteTestNG.main(RemoteTestNG.java:77)
</pre></div></td>
<td>30</td>
<td>R_tests.R_HomePageTest@2353b3e6</td></tr>
</table><p>
<table width='100%' border='1' class='invocation-passed'>
<tr><td colspan='4' align='center'><b>PASSED TESTS</b></td></tr>
<tr><td><b>Test method</b></td>
<td width="30%"><b>Exception</b></td>
<td width="10%"><b>Time (seconds)</b></td>
<td><b>Instance</b></td>
</tr>
<tr>
<td title='R_tests.R_HomePageTest.BodyCareerTest()'><b>BodyCareerTest</b><br>Test class: R_tests.R_HomePageTest</td>
<td></td>
<td>3</td>
<td>R_tests.R_HomePageTest@2353b3e6</td></tr>
<tr>
<td title='R_tests.R_HomePageTest.BodyContactUsTest()'><b>BodyContactUsTest</b><br>Test class: R_tests.R_HomePageTest</td>
<td></td>
<td>4</td>
<td>R_tests.R_HomePageTest@2353b3e6</td></tr>
<tr>
<td title='R_tests.R_HomePageTest.BodyEventsTest()'><b>BodyEventsTest</b><br>Test class: R_tests.R_HomePageTest</td>
<td></td>
<td>3</td>
<td>R_tests.R_HomePageTest@2353b3e6</td></tr>
<tr>
<td title='R_tests.R_HomePageTest.BodyHoverITCTest()'><b>BodyHoverITCTest</b><br>Test class: R_tests.R_HomePageTest</td>
<td></td>
<td>4</td>
<td>R_tests.R_HomePageTest@2353b3e6</td></tr>
<tr>
<td title='R_tests.R_HomePageTest.BodyHoverSTTest()'><b>BodyHoverSTTest</b><br>Test class: R_tests.R_HomePageTest</td>
<td></td>
<td>4</td>
<td>R_tests.R_HomePageTest@2353b3e6</td></tr>
<tr>
<td title='R_tests.R_HomePageTest.BodyHoverTrainingTest()'><b>BodyHoverTrainingTest</b><br>Test class: R_tests.R_HomePageTest</td>
<td></td>
<td>4</td>
<td>R_tests.R_HomePageTest@2353b3e6</td></tr>
<tr>
<td title='R_tests.R_HomePageTest.BodyHoverWDDTest()'><b>BodyHoverWDDTest</b><br>Test class: R_tests.R_HomePageTest</td>
<td></td>
<td>5</td>
<td>R_tests.R_HomePageTest@2353b3e6</td></tr>
<tr>
<td title='R_tests.R_HomePageTest.BodyMoreAboutUsTest()'><b>BodyMoreAboutUsTest</b><br>Test class: R_tests.R_HomePageTest</td>
<td></td>
<td>3</td>
<td>R_tests.R_HomePageTest@2353b3e6</td></tr>
<tr>
<td title='R_tests.R_HomePageTest.BodyServicesTest()'><b>BodyServicesTest</b><br>Test class: R_tests.R_HomePageTest</td>
<td></td>
<td>3</td>
<td>R_tests.R_HomePageTest@2353b3e6</td></tr>
<tr>
<td title='R_tests.R_HomePageTest.BodyTrainingTest()'><b>BodyTrainingTest</b><br>Test class: R_tests.R_HomePageTest</td>
<td></td>
<td>3</td>
<td>R_tests.R_HomePageTest@2353b3e6</td></tr>
<tr>
<td title='R_tests.R_HomePageTest.CareerTest()'><b>CareerTest</b><br>Test class: R_tests.R_HomePageTest</td>
<td></td>
<td>3</td>
<td>R_tests.R_HomePageTest@2353b3e6</td></tr>
<tr>
<td title='R_tests.R_HomePageTest.EmailTest1()'><b>EmailTest1</b><br>Test class: R_tests.R_HomePageTest</td>
<td></td>
<td>4</td>
<td>R_tests.R_HomePageTest@2353b3e6</td></tr>
<tr>
<td title='R_tests.R_HomePageTest.EmailTest2()'><b>EmailTest2</b><br>Test class: R_tests.R_HomePageTest</td>
<td></td>
<td>4</td>
<td>R_tests.R_HomePageTest@2353b3e6</td></tr>
<tr>
<td title='R_tests.R_HomePageTest.EmailTest3()'><b>EmailTest3</b><br>Test class: R_tests.R_HomePageTest</td>
<td></td>
<td>4</td>
<td>R_tests.R_HomePageTest@2353b3e6</td></tr>
<tr>
<td title='R_tests.R_HomePageTest.EnquireNowTest()'><b>EnquireNowTest</b><br>Test class: R_tests.R_HomePageTest</td>
<td></td>
<td>3</td>
<td>R_tests.R_HomePageTest@2353b3e6</td></tr>
<tr>
<td title='R_tests.R_HomePageTest.EventLeftTest()'><b>EventLeftTest</b><br>Test class: R_tests.R_HomePageTest</td>
<td></td>
<td>5</td>
<td>R_tests.R_HomePageTest@2353b3e6</td></tr>
<tr>
<td title='R_tests.R_HomePageTest.EventRightTest()'><b>EventRightTest</b><br>Test class: R_tests.R_HomePageTest</td>
<td></td>
<td>5</td>
<td>R_tests.R_HomePageTest@2353b3e6</td></tr>
<tr>
<td title='R_tests.R_HomePageTest.FooterFbTest()'><b>FooterFbTest</b><br>Test class: R_tests.R_HomePageTest</td>
<td></td>
<td>6</td>
<td>R_tests.R_HomePageTest@2353b3e6</td></tr>
<tr>
<td title='R_tests.R_HomePageTest.FooterInTest()'><b>FooterInTest</b><br>Test class: R_tests.R_HomePageTest</td>
<td></td>
<td>6</td>
<td>R_tests.R_HomePageTest@2353b3e6</td></tr>
<tr>
<td title='R_tests.R_HomePageTest.FooterLiTest()'><b>FooterLiTest</b><br>Test class: R_tests.R_HomePageTest</td>
<td></td>
<td>6</td>
<td>R_tests.R_HomePageTest@2353b3e6</td></tr>
<tr>
<td title='R_tests.R_HomePageTest.FooterReadTest()'><b>FooterReadTest</b><br>Test class: R_tests.R_HomePageTest</td>
<td></td>
<td>3</td>
<td>R_tests.R_HomePageTest@2353b3e6</td></tr>
<tr>
<td title='R_tests.R_HomePageTest.FooterTwTest()'><b>FooterTwTest</b><br>Test class: R_tests.R_HomePageTest</td>
<td></td>
<td>6</td>
<td>R_tests.R_HomePageTest@2353b3e6</td></tr>
<tr>
<td title='R_tests.R_HomePageTest.FooterYoTest()'><b>FooterYoTest</b><br>Test class: R_tests.R_HomePageTest</td>
<td></td>
<td>6</td>
<td>R_tests.R_HomePageTest@2353b3e6</td></tr>
<tr>
<td title='R_tests.R_HomePageTest.HeaderFbTest()'><b>HeaderFbTest</b><br>Test class: R_tests.R_HomePageTest</td>
<td></td>
<td>6</td>
<td>R_tests.R_HomePageTest@2353b3e6</td></tr>
<tr>
<td title='R_tests.R_HomePageTest.HeaderInTest()'><b>HeaderInTest</b><br>Test class: R_tests.R_HomePageTest</td>
<td></td>
<td>6</td>
<td>R_tests.R_HomePageTest@2353b3e6</td></tr>
<tr>
<td title='R_tests.R_HomePageTest.HeaderLiTest()'><b>HeaderLiTest</b><br>Test class: R_tests.R_HomePageTest</td>
<td></td>
<td>6</td>
<td>R_tests.R_HomePageTest@2353b3e6</td></tr>
<tr>
<td title='R_tests.R_HomePageTest.HeaderTwTest()'><b>HeaderTwTest</b><br>Test class: R_tests.R_HomePageTest</td>
<td></td>
<td>6</td>
<td>R_tests.R_HomePageTest@2353b3e6</td></tr>
<tr>
<td title='R_tests.R_HomePageTest.HeaderYoTest()'><b>HeaderYoTest</b><br>Test class: R_tests.R_HomePageTest</td>
<td></td>
<td>6</td>
<td>R_tests.R_HomePageTest@2353b3e6</td></tr>
<tr>
<td title='R_tests.R_HomePageTest.HomePageTitleTest()'><b>HomePageTitleTest</b><br>Test class: R_tests.R_HomePageTest</td>
<td></td>
<td>0</td>
<td>R_tests.R_HomePageTest@2353b3e6</td></tr>
<tr>
<td title='R_tests.R_HomePageTest.VideoLeftTest()'><b>VideoLeftTest</b><br>Test class: R_tests.R_HomePageTest</td>
<td></td>
<td>5</td>
<td>R_tests.R_HomePageTest@2353b3e6</td></tr>
<tr>
<td title='R_tests.R_HomePageTest.VideoRightTest()'><b>VideoRightTest</b><br>Test class: R_tests.R_HomePageTest</td>
<td></td>
<td>4</td>
<td>R_tests.R_HomePageTest@2353b3e6</td></tr>
<tr>
<td title='R_tests.R_HomePageTest.WhoWeAreTest()'><b>WhoWeAreTest</b><br>Test class: R_tests.R_HomePageTest</td>
<td></td>
<td>3</td>
<td>R_tests.R_HomePageTest@2353b3e6</td></tr>
<tr>
<td title='R_tests.R_HomePageTest.logoTest()'><b>logoTest</b><br>Test class: R_tests.R_HomePageTest</td>
<td></td>
<td>3</td>
<td>R_tests.R_HomePageTest@2353b3e6</td></tr>
</table><p>
</body>
</html>