<!DOCTYPE html PUBLIC "-//W3C//DTD XHTML 1.1//EN" "http://www.w3.org/TR/xhtml11/DTD/xhtml11.dtd">
<html xmlns="http://www.w3.org/1999/xhtml">
<head>
<meta http-equiv="content-type" content="text/html; charset=UTF-8"/>
<title>TestNG Report</title>
<style type="text/css">table {margin-bottom:10px;border-collapse:collapse;empty-cells:show}th,td {border:1px solid #009;padding:.25em .5em}th {vertical-align:bottom}td {vertical-align:top}table a {font-weight:bold}.stripe td {background-color: #E6EBF9}.num {text-align:right}.passedodd td {background-color: #3F3}.passedeven td {background-color: #0A0}.skippedodd td {background-color: #DDD}.skippedeven td {background-color: #CCC}.failedodd td,.attn {background-color: #F33}.failedeven td,.stripe .attn {background-color: #D00}.stacktrace {white-space:pre;font-family:monospace}.totop {font-size:85%;text-align:center;border-bottom:2px solid #000}.invisible {display:none}</style>
</head>
<body>
<table>
<tr><th>Test</th><th># Passed</th><th># Skipped</th><th># Retried</th><th># Failed</th><th>Time (ms)</th><th>Included Groups</th><th>Excluded Groups</th></tr>
<tr><th colspan="7">Default suite</th></tr>
<tr><td><a href="#t0">Default test</a></td><td class="num">33</td><td class="num">0</td><td class="num">0</td><td class="num attn">2</td><td class="num">381,349</td><td></td><td></td></tr>
</table>
<table id='summary'><thead><tr><th>Class</th><th>Method</th><th>Start</th><th>Time (ms)</th></tr></thead><tbody><tr><th colspan="4">Default suite</th></tr></tbody><tbody id="t0"><tr><th colspan="4">Default test &#8212; failed</th></tr><tr class="failedeven"><td rowspan="2">R_tests.R_HomePageTest</td><td><a href="#m0">OtherLeftTest</a></td><td rowspan="1">1593498773733</td><td rowspan="1">30893</td></tr><tr class="failedeven"><td><a href="#m1">OtherRightTest</a></td><td rowspan="1">1593498809562</td><td rowspan="1">30817</td></tr><tr><th colspan="4">Default test &#8212; passed</th></tr><tr class="passedeven"><td rowspan="33">R_tests.R_HomePageTest</td><td><a href="#m2">BodyCareerTest</a></td><td rowspan="1">1593498503316</td><td rowspan="1">3349</td></tr><tr class="passedeven"><td><a href="#m3">BodyContactUsTest</a></td><td rowspan="1">1593498511006</td><td rowspan="1">4137</td></tr><tr class="passedeven"><td><a href="#m4">BodyEventsTest</a></td><td rowspan="1">1593498519522</td><td rowspan="1">3426</td></tr><tr class="passedeven"><td><a href="#m5">BodyHoverITCTest</a></td><td rowspan="1">1593498527219</td><td rowspan="1">4751</td></tr><tr class="passedeven"><td><a href="#m6">BodyHoverSTTest</a></td><td rowspan="1">1593498536156</td><td rowspan="1">4878</td></tr><tr class="passedeven"><td><a href="#m7">BodyHoverTrainingTest</a></td><td rowspan="1">1593498545368</td><td rowspan="1">4795</td></tr><tr class="passedeven"><td><a href="#m8">BodyHoverWDDTest</a></td><td rowspan="1">1593498554322</td><td rowspan="1">5285</td></tr><tr class="passedeven"><td><a href="#m9">BodyMoreAboutUsTest</a></td><td rowspan="1">1593498563905</td><td rowspan="1">3961</td></tr><tr class="passedeven"><td><a href="#m10">BodyServicesTest</a></td><td rowspan="1">1593498572012</td><td rowspan="1">3598</td></tr><tr class="passedeven"><td><a href="#m11">BodyTrainingTest</a></td><td rowspan="1">1593498579708</td><td rowspan="1">3624</td></tr><tr class="passedeven"><td><a href="#m12">CareerTest</a></td><td rowspan="1">1593498587554</td><td rowspan="1">3348</td></tr><tr class="passedeven"><td><a href="#m13">EmailTest1</a></td><td rowspan="1">1593498594949</td><td rowspan="1">4500</td></tr><tr class="passedeven"><td><a href="#m14">EmailTest2</a></td><td rowspan="1">1593498603534</td><td rowspan="1">4419</td></tr><tr class="passedeven"><td><a href="#m15">EmailTest3</a></td><td rowspan="1">1593498612146</td><td rowspan="1">4460</td></tr><tr class="passedeven"><td><a href="#m16">EnquireNowTest</a></td><td rowspan="1">1593498620796</td><td rowspan="1">3718</td></tr><tr class="passedeven"><td><a href="#m17">EventLeftTest</a></td><td rowspan="1">1593498628722</td><td rowspan="1">5038</td></tr><tr class="passedeven"><td><a href="#m18">EventRightTest</a></td><td rowspan="1">1593498637967</td><td rowspan="1">5032</td></tr><tr class="passedeven"><td><a href="#m19">FooterFbTest</a></td><td rowspan="1">1593498647161</td><td rowspan="1">6115</td></tr><tr class="passedeven"><td><a href="#m20">FooterInTest</a></td><td rowspan="1">1593498657673</td><td rowspan="1">6070</td></tr><tr class="passedeven"><td><a href="#m21">FooterLiTest</a></td><td rowspan="1">1593498667947</td><td rowspan="1">6175</td></tr><tr class="passedeven"><td><a href="#m22">FooterReadTest</a></td><td rowspan="1">1593498678396</td><td rowspan="1">3449</td></tr><tr class="passedeven"><td><a href="#m23">FooterTwTest</a></td><td rowspan="1">1593498686035</td><td rowspan="1">6090</td></tr><tr class="passedeven"><td><a href="#m24">FooterYoTest</a></td><td rowspan="1">1593498696442</td><td rowspan="1">6055</td></tr><tr class="passedeven"><td><a href="#m25">HeaderFbTest</a></td><td rowspan="1">1593498706927</td><td rowspan="1">6120</td></tr><tr class="passedeven"><td><a href="#m26">HeaderInTest</a></td><td rowspan="1">1593498724443</td><td rowspan="1">6077</td></tr><tr class="passedeven"><td><a href="#m27">HeaderLiTest</a></td><td rowspan="1">1593498735311</td><td rowspan="1">6138</td></tr><tr class="passedeven"><td><a href="#m28">HeaderTwTest</a></td><td rowspan="1">1593498746378</td><td rowspan="1">6154</td></tr><tr class="passedeven"><td><a href="#m29">HeaderYoTest</a></td><td rowspan="1">1593498757806</td><td rowspan="1">6112</td></tr><tr class="passedeven"><td><a href="#m30">HomePageTitleTest</a></td><td rowspan="1">1593498768901</td><td rowspan="1">44</td></tr><tr class="passedeven"><td><a href="#m31">VideoLeftTest</a></td><td rowspan="1">1593498845459</td><td rowspan="1">5041</td></tr><tr class="passedeven"><td><a href="#m32">VideoRightTest</a></td><td rowspan="1">1593498855330</td><td rowspan="1">4979</td></tr><tr class="passedeven"><td><a href="#m33">WhoWeAreTest</a></td><td rowspan="1">1593498865061</td><td rowspan="1">3713</td></tr><tr class="passedeven"><td><a href="#m34">logoTest</a></td><td rowspan="1">1593498873321</td><td rowspan="1">3849</td></tr></tbody>
</table>
<h2>Default test</h2><h3 id="m0">R_tests.R_HomePageTest#OtherLeftTest</h3><table class="result"><tr><th>Exception</th></tr><tr><td><div class="stacktrace">org.openqa.selenium.NoSuchElementException: no such element: Unable to locate element: {&quot;method&quot;:&quot;xpath&quot;,&quot;selector&quot;:&quot;//div[@class=&apos;owl-carousel-4col appendHtml owl-nav-top owl-carousel owl-theme owl-loaded&apos;]//div[@class=&apos;owl-prev&apos;]&quot;}
  (Session info: chrome=83.0.4103.116)
For documentation on this error, please visit: https://www.seleniumhq.org/exceptions/no_such_element.html
Build info: version: &apos;3.141.59&apos;, revision: &apos;e82be7d358&apos;, time: &apos;2018-11-14T08:17:03&apos;
System info: host: &apos;Dhruvs-Air&apos;, ip: &apos;fe80:0:0:0:10a4:cf01:33f4:1086%en0&apos;, os.name: &apos;Mac OS X&apos;, os.arch: &apos;x86_64&apos;, os.version: &apos;10.15.5&apos;, java.version: &apos;1.8.0_231&apos;
Driver info: org.openqa.selenium.chrome.ChromeDriver
Capabilities {acceptInsecureCerts: false, browserName: chrome, browserVersion: 83.0.4103.116, chrome: {chromedriverVersion: 83.0.4103.39 (ccbf011cb2d2b..., userDataDir: /var/folders/ft/qmvsvdsx79j...}, goog:chromeOptions: {debuggerAddress: localhost:63074}, javascriptEnabled: true, networkConnectionEnabled: false, pageLoadStrategy: normal, platform: MAC, platformName: MAC, proxy: Proxy(), setWindowRect: true, strictFileInteractability: false, timeouts: {implicit: 0, pageLoad: 300000, script: 30000}, unhandledPromptBehavior: dismiss and notify, webauthn:virtualAuthenticators: true}
Session ID: 61adecbdaecb181c32f8b0662968295b
*** Element info: {Using=xpath, value=//div[@class=&apos;owl-carousel-4col appendHtml owl-nav-top owl-carousel owl-theme owl-loaded&apos;]//div[@class=&apos;owl-prev&apos;]}
	at sun.reflect.NativeConstructorAccessorImpl.newInstance0(Native Method)
	at sun.reflect.NativeConstructorAccessorImpl.newInstance(NativeConstructorAccessorImpl.java:62)
	at sun.reflect.DelegatingConstructorAccessorImpl.newInstance(DelegatingConstructorAccessorImpl.java:45)
	at java.lang.reflect.Constructor.newInstance(Constructor.java:423)
	at org.openqa.selenium.remote.http.W3CHttpResponseCodec.createException(W3CHttpResponseCodec.java:187)
	at org.openqa.selenium.remote.http.W3CHttpResponseCodec.decode(W3CHttpResponseCodec.java:122)
	at org.openqa.selenium.remote.http.W3CHttpResponseCodec.decode(W3CHttpResponseCodec.java:49)
	at org.openqa.selenium.remote.HttpCommandExecutor.execute(HttpCommandExecutor.java:158)
	at org.openqa.selenium.remote.service.DriverCommandExecutor.execute(DriverCommandExecutor.java:83)
	at org.openqa.selenium.remote.RemoteWebDriver.execute(RemoteWebDriver.java:552)
	at org.openqa.selenium.remote.RemoteWebDriver.findElement(RemoteWebDriver.java:323)
	at org.openqa.selenium.remote.RemoteWebDriver.findElementByXPath(RemoteWebDriver.java:428)
	at org.openqa.selenium.By$ByXPath.findElement(By.java:353)
	at org.openqa.selenium.remote.RemoteWebDriver.findElement(RemoteWebDriver.java:315)
	at sun.reflect.GeneratedMethodAccessor5.invoke(Unknown Source)
	at sun.reflect.DelegatingMethodAccessorImpl.invoke(DelegatingMethodAccessorImpl.java:43)
	at java.lang.reflect.Method.invoke(Method.java:498)
	at org.openqa.selenium.support.events.EventFiringWebDriver.lambda$new$1(EventFiringWebDriver.java:105)
	at com.sun.proxy.$Proxy7.findElement(Unknown Source)
	at org.openqa.selenium.support.events.EventFiringWebDriver.findElement(EventFiringWebDriver.java:194)
	at org.openqa.selenium.support.pagefactory.DefaultElementLocator.findElement(DefaultElementLocator.java:69)
	at org.openqa.selenium.support.pagefactory.internal.LocatingElementHandler.invoke(LocatingElementHandler.java:38)
	at com.sun.proxy.$Proxy11.click(Unknown Source)
	at R_pages.R_HomePage.verifyOtherLeft(R_HomePage.java:361)
	at R_tests.R_HomePageTest.OtherLeftTest(R_HomePageTest.java:147)
	at sun.reflect.NativeMethodAccessorImpl.invoke0(Native Method)
	at sun.reflect.NativeMethodAccessorImpl.invoke(NativeMethodAccessorImpl.java:62)
	at sun.reflect.DelegatingMethodAccessorImpl.invoke(DelegatingMethodAccessorImpl.java:43)
	at java.lang.reflect.Method.invoke(Method.java:498)
	at org.testng.internal.MethodInvocationHelper.invokeMethod(MethodInvocationHelper.java:133)
	at org.testng.internal.TestInvoker.invokeMethod(TestInvoker.java:584)
	at org.testng.internal.TestInvoker.invokeTestMethod(TestInvoker.java:172)
	at org.testng.internal.MethodRunner.runInSequence(MethodRunner.java:46)
	at org.testng.internal.TestInvoker$MethodInvocationAgent.invoke(TestInvoker.java:804)
	at org.testng.internal.TestInvoker.invokeTestMethods(TestInvoker.java:145)
	at org.testng.internal.TestMethodWorker.invokeTestMethods(TestMethodWorker.java:146)
	at org.testng.internal.TestMethodWorker.run(TestMethodWorker.java:128)
	at java.util.ArrayList.forEach(ArrayList.java:1257)
	at org.testng.TestRunner.privateRun(TestRunner.java:770)
	at org.testng.TestRunner.run(TestRunner.java:591)
	at org.testng.SuiteRunner.runTest(SuiteRunner.java:402)
	at org.testng.SuiteRunner.runSequentially(SuiteRunner.java:396)
	at org.testng.SuiteRunner.privateRun(SuiteRunner.java:355)
	at org.testng.SuiteRunner.run(SuiteRunner.java:304)
	at org.testng.SuiteRunnerWorker.runSuite(SuiteRunnerWorker.java:53)
	at org.testng.SuiteRunnerWorker.run(SuiteRunnerWorker.java:96)
	at org.testng.TestNG.runSuitesSequentially(TestNG.java:1180)
	at org.testng.TestNG.runSuitesLocally(TestNG.java:1102)
	at org.testng.TestNG.runSuites(TestNG.java:1032)
	at org.testng.TestNG.run(TestNG.java:1000)
	at org.testng.remote.AbstractRemoteTestNG.run(AbstractRemoteTestNG.java:115)
	at org.testng.remote.RemoteTestNG.initAndRun(RemoteTestNG.java:251)
	at org.testng.remote.RemoteTestNG.main(RemoteTestNG.java:77)
</div></td></tr></table><p class="totop"><a href="#summary">back to summary</a></p>
<h3 id="m1">R_tests.R_HomePageTest#OtherRightTest</h3><table class="result"><tr><th>Exception</th></tr><tr><td><div class="stacktrace">org.openqa.selenium.NoSuchElementException: no such element: Unable to locate element: {&quot;method&quot;:&quot;xpath&quot;,&quot;selector&quot;:&quot;//div[@class=&apos;owl-carousel-4col appendHtml owl-nav-top owl-carousel owl-theme owl-loaded&apos;]//div[@class=&apos;owl-next&apos;]&quot;}
  (Session info: chrome=83.0.4103.116)
For documentation on this error, please visit: https://www.seleniumhq.org/exceptions/no_such_element.html
Build info: version: &apos;3.141.59&apos;, revision: &apos;e82be7d358&apos;, time: &apos;2018-11-14T08:17:03&apos;
System info: host: &apos;Dhruvs-Air&apos;, ip: &apos;fe80:0:0:0:10a4:cf01:33f4:1086%en0&apos;, os.name: &apos;Mac OS X&apos;, os.arch: &apos;x86_64&apos;, os.version: &apos;10.15.5&apos;, java.version: &apos;1.8.0_231&apos;
Driver info: org.openqa.selenium.chrome.ChromeDriver
Capabilities {acceptInsecureCerts: false, browserName: chrome, browserVersion: 83.0.4103.116, chrome: {chromedriverVersion: 83.0.4103.39 (ccbf011cb2d2b..., userDataDir: /var/folders/ft/qmvsvdsx79j...}, goog:chromeOptions: {debuggerAddress: localhost:63245}, javascriptEnabled: true, networkConnectionEnabled: false, pageLoadStrategy: normal, platform: MAC, platformName: MAC, proxy: Proxy(), setWindowRect: true, strictFileInteractability: false, timeouts: {implicit: 0, pageLoad: 300000, script: 30000}, unhandledPromptBehavior: dismiss and notify, webauthn:virtualAuthenticators: true}
Session ID: 34561cfe4ff31254eb66fbada8f5e0ff
*** Element info: {Using=xpath, value=//div[@class=&apos;owl-carousel-4col appendHtml owl-nav-top owl-carousel owl-theme owl-loaded&apos;]//div[@class=&apos;owl-next&apos;]}
	at sun.reflect.NativeConstructorAccessorImpl.newInstance0(Native Method)
	at sun.reflect.NativeConstructorAccessorImpl.newInstance(NativeConstructorAccessorImpl.java:62)
	at sun.reflect.DelegatingConstructorAccessorImpl.newInstance(DelegatingConstructorAccessorImpl.java:45)
	at java.lang.reflect.Constructor.newInstance(Constructor.java:423)
	at org.openqa.selenium.remote.http.W3CHttpResponseCodec.createException(W3CHttpResponseCodec.java:187)
	at org.openqa.selenium.remote.http.W3CHttpResponseCodec.decode(W3CHttpResponseCodec.java:122)
	at org.openqa.selenium.remote.http.W3CHttpResponseCodec.decode(W3CHttpResponseCodec.java:49)
	at org.openqa.selenium.remote.HttpCommandExecutor.execute(HttpCommandExecutor.java:158)
	at org.openqa.selenium.remote.service.DriverCommandExecutor.execute(DriverCommandExecutor.java:83)
	at org.openqa.selenium.remote.RemoteWebDriver.execute(RemoteWebDriver.java:552)
	at org.openqa.selenium.remote.RemoteWebDriver.findElement(RemoteWebDriver.java:323)
	at org.openqa.selenium.remote.RemoteWebDriver.findElementByXPath(RemoteWebDriver.java:428)
	at org.openqa.selenium.By$ByXPath.findElement(By.java:353)
	at org.openqa.selenium.remote.RemoteWebDriver.findElement(RemoteWebDriver.java:315)
	at sun.reflect.GeneratedMethodAccessor5.invoke(Unknown Source)
	at sun.reflect.DelegatingMethodAccessorImpl.invoke(DelegatingMethodAccessorImpl.java:43)
	at java.lang.reflect.Method.invoke(Method.java:498)
	at org.openqa.selenium.support.events.EventFiringWebDriver.lambda$new$1(EventFiringWebDriver.java:105)
	at com.sun.proxy.$Proxy7.findElement(Unknown Source)
	at org.openqa.selenium.support.events.EventFiringWebDriver.findElement(EventFiringWebDriver.java:194)
	at org.openqa.selenium.support.pagefactory.DefaultElementLocator.findElement(DefaultElementLocator.java:69)
	at org.openqa.selenium.support.pagefactory.internal.LocatingElementHandler.invoke(LocatingElementHandler.java:38)
	at com.sun.proxy.$Proxy11.click(Unknown Source)
	at R_pages.R_HomePage.verifyOtherRight(R_HomePage.java:369)
	at R_tests.R_HomePageTest.OtherRightTest(R_HomePageTest.java:152)
	at sun.reflect.NativeMethodAccessorImpl.invoke0(Native Method)
	at sun.reflect.NativeMethodAccessorImpl.invoke(NativeMethodAccessorImpl.java:62)
	at sun.reflect.DelegatingMethodAccessorImpl.invoke(DelegatingMethodAccessorImpl.java:43)
	at java.lang.reflect.Method.invoke(Method.java:498)
	at org.testng.internal.MethodInvocationHelper.invokeMethod(MethodInvocationHelper.java:133)
	at org.testng.internal.TestInvoker.invokeMethod(TestInvoker.java:584)
	at org.testng.internal.TestInvoker.invokeTestMethod(TestInvoker.java:172)
	at org.testng.internal.MethodRunner.runInSequence(MethodRunner.java:46)
	at org.testng.internal.TestInvoker$MethodInvocationAgent.invoke(TestInvoker.java:804)
	at org.testng.internal.TestInvoker.invokeTestMethods(TestInvoker.java:145)
	at org.testng.internal.TestMethodWorker.invokeTestMethods(TestMethodWorker.java:146)
	at org.testng.internal.TestMethodWorker.run(TestMethodWorker.java:128)
	at java.util.ArrayList.forEach(ArrayList.java:1257)
	at org.testng.TestRunner.privateRun(TestRunner.java:770)
	at org.testng.TestRunner.run(TestRunner.java:591)
	at org.testng.SuiteRunner.runTest(SuiteRunner.java:402)
	at org.testng.SuiteRunner.runSequentially(SuiteRunner.java:396)
	at org.testng.SuiteRunner.privateRun(SuiteRunner.java:355)
	at org.testng.SuiteRunner.run(SuiteRunner.java:304)
	at org.testng.SuiteRunnerWorker.runSuite(SuiteRunnerWorker.java:53)
	at org.testng.SuiteRunnerWorker.run(SuiteRunnerWorker.java:96)
	at org.testng.TestNG.runSuitesSequentially(TestNG.java:1180)
	at org.testng.TestNG.runSuitesLocally(TestNG.java:1102)
	at org.testng.TestNG.runSuites(TestNG.java:1032)
	at org.testng.TestNG.run(TestNG.java:1000)
	at org.testng.remote.AbstractRemoteTestNG.run(AbstractRemoteTestNG.java:115)
	at org.testng.remote.RemoteTestNG.initAndRun(RemoteTestNG.java:251)
	at org.testng.remote.RemoteTestNG.main(RemoteTestNG.java:77)
</div></td></tr></table><p class="totop"><a href="#summary">back to summary</a></p>
<h3 id="m2">R_tests.R_HomePageTest#BodyCareerTest</h3><table class="result"><tr><th class="invisible"/></tr></table><p class="totop"><a href="#summary">back to summary</a></p>
<h3 id="m3">R_tests.R_HomePageTest#BodyContactUsTest</h3><table class="result"><tr><th class="invisible"/></tr></table><p class="totop"><a href="#summary">back to summary</a></p>
<h3 id="m4">R_tests.R_HomePageTest#BodyEventsTest</h3><table class="result"><tr><th class="invisible"/></tr></table><p class="totop"><a href="#summary">back to summary</a></p>
<h3 id="m5">R_tests.R_HomePageTest#BodyHoverITCTest</h3><table class="result"><tr><th class="invisible"/></tr></table><p class="totop"><a href="#summary">back to summary</a></p>
<h3 id="m6">R_tests.R_HomePageTest#BodyHoverSTTest</h3><table class="result"><tr><th class="invisible"/></tr></table><p class="totop"><a href="#summary">back to summary</a></p>
<h3 id="m7">R_tests.R_HomePageTest#BodyHoverTrainingTest</h3><table class="result"><tr><th class="invisible"/></tr></table><p class="totop"><a href="#summary">back to summary</a></p>
<h3 id="m8">R_tests.R_HomePageTest#BodyHoverWDDTest</h3><table class="result"><tr><th class="invisible"/></tr></table><p class="totop"><a href="#summary">back to summary</a></p>
<h3 id="m9">R_tests.R_HomePageTest#BodyMoreAboutUsTest</h3><table class="result"><tr><th class="invisible"/></tr></table><p class="totop"><a href="#summary">back to summary</a></p>
<h3 id="m10">R_tests.R_HomePageTest#BodyServicesTest</h3><table class="result"><tr><th class="invisible"/></tr></table><p class="totop"><a href="#summary">back to summary</a></p>
<h3 id="m11">R_tests.R_HomePageTest#BodyTrainingTest</h3><table class="result"><tr><th class="invisible"/></tr></table><p class="totop"><a href="#summary">back to summary</a></p>
<h3 id="m12">R_tests.R_HomePageTest#CareerTest</h3><table class="result"><tr><th class="invisible"/></tr></table><p class="totop"><a href="#summary">back to summary</a></p>
<h3 id="m13">R_tests.R_HomePageTest#EmailTest1</h3><table class="result"><tr><th class="invisible"/></tr></table><p class="totop"><a href="#summary">back to summary</a></p>
<h3 id="m14">R_tests.R_HomePageTest#EmailTest2</h3><table class="result"><tr><th class="invisible"/></tr></table><p class="totop"><a href="#summary">back to summary</a></p>
<h3 id="m15">R_tests.R_HomePageTest#EmailTest3</h3><table class="result"><tr><th class="invisible"/></tr></table><p class="totop"><a href="#summary">back to summary</a></p>
<h3 id="m16">R_tests.R_HomePageTest#EnquireNowTest</h3><table class="result"><tr><th class="invisible"/></tr></table><p class="totop"><a href="#summary">back to summary</a></p>
<h3 id="m17">R_tests.R_HomePageTest#EventLeftTest</h3><table class="result"><tr><th class="invisible"/></tr></table><p class="totop"><a href="#summary">back to summary</a></p>
<h3 id="m18">R_tests.R_HomePageTest#EventRightTest</h3><table class="result"><tr><th class="invisible"/></tr></table><p class="totop"><a href="#summary">back to summary</a></p>
<h3 id="m19">R_tests.R_HomePageTest#FooterFbTest</h3><table class="result"><tr><th class="invisible"/></tr></table><p class="totop"><a href="#summary">back to summary</a></p>
<h3 id="m20">R_tests.R_HomePageTest#FooterInTest</h3><table class="result"><tr><th class="invisible"/></tr></table><p class="totop"><a href="#summary">back to summary</a></p>
<h3 id="m21">R_tests.R_HomePageTest#FooterLiTest</h3><table class="result"><tr><th class="invisible"/></tr></table><p class="totop"><a href="#summary">back to summary</a></p>
<h3 id="m22">R_tests.R_HomePageTest#FooterReadTest</h3><table class="result"><tr><th class="invisible"/></tr></table><p class="totop"><a href="#summary">back to summary</a></p>
<h3 id="m23">R_tests.R_HomePageTest#FooterTwTest</h3><table class="result"><tr><th class="invisible"/></tr></table><p class="totop"><a href="#summary">back to summary</a></p>
<h3 id="m24">R_tests.R_HomePageTest#FooterYoTest</h3><table class="result"><tr><th class="invisible"/></tr></table><p class="totop"><a href="#summary">back to summary</a></p>
<h3 id="m25">R_tests.R_HomePageTest#HeaderFbTest</h3><table class="result"><tr><th class="invisible"/></tr></table><p class="totop"><a href="#summary">back to summary</a></p>
<h3 id="m26">R_tests.R_HomePageTest#HeaderInTest</h3><table class="result"><tr><th class="invisible"/></tr></table><p class="totop"><a href="#summary">back to summary</a></p>
<h3 id="m27">R_tests.R_HomePageTest#HeaderLiTest</h3><table class="result"><tr><th class="invisible"/></tr></table><p class="totop"><a href="#summary">back to summary</a></p>
<h3 id="m28">R_tests.R_HomePageTest#HeaderTwTest</h3><table class="result"><tr><th class="invisible"/></tr></table><p class="totop"><a href="#summary">back to summary</a></p>
<h3 id="m29">R_tests.R_HomePageTest#HeaderYoTest</h3><table class="result"><tr><th class="invisible"/></tr></table><p class="totop"><a href="#summary">back to summary</a></p>
<h3 id="m30">R_tests.R_HomePageTest#HomePageTitleTest</h3><table class="result"><tr><th class="invisible"/></tr></table><p class="totop"><a href="#summary">back to summary</a></p>
<h3 id="m31">R_tests.R_HomePageTest#VideoLeftTest</h3><table class="result"><tr><th class="invisible"/></tr></table><p class="totop"><a href="#summary">back to summary</a></p>
<h3 id="m32">R_tests.R_HomePageTest#VideoRightTest</h3><table class="result"><tr><th class="invisible"/></tr></table><p class="totop"><a href="#summary">back to summary</a></p>
<h3 id="m33">R_tests.R_HomePageTest#WhoWeAreTest</h3><table class="result"><tr><th class="invisible"/></tr></table><p class="totop"><a href="#summary">back to summary</a></p>
<h3 id="m34">R_tests.R_HomePageTest#logoTest</h3><table class="result"><tr><th class="invisible"/></tr></table><p class="totop"><a href="#summary">back to summary</a></p>
</body>
</html>
