<?xml version="1.0" encoding="UTF-8"?>
<testng-results skipped="0" failed="2" ignored="0" total="37" passed="35">
  <reporter-output>
  </reporter-output>
  <suite name="Roicians Website Project" duration-ms="448916" started-at="2020-06-30T13:56:36 EDT" finished-at="2020-06-30T14:04:05 EDT">
    <groups>
    </groups>
    <test name="Roicians Test Cases" duration-ms="448916" started-at="2020-06-30T13:56:36 EDT" finished-at="2020-06-30T14:04:05 EDT">
      <class name="R_tests.R_HomePageTest">
        <test-method status="PASS" signature="SetUp()[pri:0, instance:R_tests.R_HomePageTest@c46bcd4]" name="SetUp" is-config="true" duration-ms="8084" started-at="2020-06-30T13:56:36 EDT" finished-at="2020-06-30T13:56:44 EDT">
          <reporter-output>
          </reporter-output>
        </test-method> <!-- SetUp -->
        <test-method status="PASS" signature="BodyCareerTest()[pri:0, instance:R_tests.R_HomePageTest@c46bcd4]" name="BodyCareerTest" duration-ms="3996" started-at="2020-06-30T13:56:44 EDT" finished-at="2020-06-30T13:56:48 EDT">
          <reporter-output>
          </reporter-output>
        </test-method> <!-- BodyCareerTest -->
        <test-method status="PASS" signature="tearDown()[pri:0, instance:R_tests.R_HomePageTest@c46bcd4]" name="tearDown" is-config="true" duration-ms="214" started-at="2020-06-30T13:56:48 EDT" finished-at="2020-06-30T13:56:48 EDT">
          <reporter-output>
          </reporter-output>
        </test-method> <!-- tearDown -->
        <test-method status="PASS" signature="SetUp()[pri:0, instance:R_tests.R_HomePageTest@c46bcd4]" name="SetUp" is-config="true" duration-ms="3718" started-at="2020-06-30T13:56:48 EDT" finished-at="2020-06-30T13:56:52 EDT">
          <reporter-output>
          </reporter-output>
        </test-method> <!-- SetUp -->
        <test-method status="PASS" signature="BodyContactUsTest()[pri:0, instance:R_tests.R_HomePageTest@c46bcd4]" name="BodyContactUsTest" duration-ms="4679" started-at="2020-06-30T13:56:52 EDT" finished-at="2020-06-30T13:56:57 EDT">
          <reporter-output>
          </reporter-output>
        </test-method> <!-- BodyContactUsTest -->
        <test-method status="PASS" signature="tearDown()[pri:0, instance:R_tests.R_HomePageTest@c46bcd4]" name="tearDown" is-config="true" duration-ms="212" started-at="2020-06-30T13:56:57 EDT" finished-at="2020-06-30T13:56:57 EDT">
          <reporter-output>
          </reporter-output>
        </test-method> <!-- tearDown -->
        <test-method status="PASS" signature="SetUp()[pri:0, instance:R_tests.R_HomePageTest@c46bcd4]" name="SetUp" is-config="true" duration-ms="3670" started-at="2020-06-30T13:56:57 EDT" finished-at="2020-06-30T13:57:01 EDT">
          <reporter-output>
          </reporter-output>
        </test-method> <!-- SetUp -->
        <test-method status="PASS" signature="BodyEventsTest()[pri:0, instance:R_tests.R_HomePageTest@c46bcd4]" name="BodyEventsTest" duration-ms="3460" started-at="2020-06-30T13:57:01 EDT" finished-at="2020-06-30T13:57:04 EDT">
          <reporter-output>
          </reporter-output>
        </test-method> <!-- BodyEventsTest -->
        <test-method status="PASS" signature="tearDown()[pri:0, instance:R_tests.R_HomePageTest@c46bcd4]" name="tearDown" is-config="true" duration-ms="149" started-at="2020-06-30T13:57:04 EDT" finished-at="2020-06-30T13:57:04 EDT">
          <reporter-output>
          </reporter-output>
        </test-method> <!-- tearDown -->
        <test-method status="PASS" signature="SetUp()[pri:0, instance:R_tests.R_HomePageTest@c46bcd4]" name="SetUp" is-config="true" duration-ms="3640" started-at="2020-06-30T13:57:04 EDT" finished-at="2020-06-30T13:57:08 EDT">
          <reporter-output>
          </reporter-output>
        </test-method> <!-- SetUp -->
        <test-method status="PASS" signature="BodyHoverITCTest()[pri:0, instance:R_tests.R_HomePageTest@c46bcd4]" name="BodyHoverITCTest" duration-ms="4750" started-at="2020-06-30T13:57:08 EDT" finished-at="2020-06-30T13:57:13 EDT">
          <reporter-output>
          </reporter-output>
        </test-method> <!-- BodyHoverITCTest -->
        <test-method status="PASS" signature="tearDown()[pri:0, instance:R_tests.R_HomePageTest@c46bcd4]" name="tearDown" is-config="true" duration-ms="178" started-at="2020-06-30T13:57:13 EDT" finished-at="2020-06-30T13:57:13 EDT">
          <reporter-output>
          </reporter-output>
        </test-method> <!-- tearDown -->
        <test-method status="PASS" signature="SetUp()[pri:0, instance:R_tests.R_HomePageTest@c46bcd4]" name="SetUp" is-config="true" duration-ms="3668" started-at="2020-06-30T13:57:13 EDT" finished-at="2020-06-30T13:57:17 EDT">
          <reporter-output>
          </reporter-output>
        </test-method> <!-- SetUp -->
        <test-method status="PASS" signature="BodyHoverSTTest()[pri:0, instance:R_tests.R_HomePageTest@c46bcd4]" name="BodyHoverSTTest" duration-ms="4920" started-at="2020-06-30T13:57:17 EDT" finished-at="2020-06-30T13:57:21 EDT">
          <reporter-output>
          </reporter-output>
        </test-method> <!-- BodyHoverSTTest -->
        <test-method status="PASS" signature="tearDown()[pri:0, instance:R_tests.R_HomePageTest@c46bcd4]" name="tearDown" is-config="true" duration-ms="185" started-at="2020-06-30T13:57:21 EDT" finished-at="2020-06-30T13:57:22 EDT">
          <reporter-output>
          </reporter-output>
        </test-method> <!-- tearDown -->
        <test-method status="PASS" signature="SetUp()[pri:0, instance:R_tests.R_HomePageTest@c46bcd4]" name="SetUp" is-config="true" duration-ms="3741" started-at="2020-06-30T13:57:22 EDT" finished-at="2020-06-30T13:57:25 EDT">
          <reporter-output>
          </reporter-output>
        </test-method> <!-- SetUp -->
        <test-method status="PASS" signature="BodyHoverTrainingTest()[pri:0, instance:R_tests.R_HomePageTest@c46bcd4]" name="BodyHoverTrainingTest" duration-ms="4949" started-at="2020-06-30T13:57:25 EDT" finished-at="2020-06-30T13:57:30 EDT">
          <reporter-output>
          </reporter-output>
        </test-method> <!-- BodyHoverTrainingTest -->
        <test-method status="PASS" signature="tearDown()[pri:0, instance:R_tests.R_HomePageTest@c46bcd4]" name="tearDown" is-config="true" duration-ms="159" started-at="2020-06-30T13:57:30 EDT" finished-at="2020-06-30T13:57:30 EDT">
          <reporter-output>
          </reporter-output>
        </test-method> <!-- tearDown -->
        <test-method status="PASS" signature="SetUp()[pri:0, instance:R_tests.R_HomePageTest@c46bcd4]" name="SetUp" is-config="true" duration-ms="3697" started-at="2020-06-30T13:57:31 EDT" finished-at="2020-06-30T13:57:34 EDT">
          <reporter-output>
          </reporter-output>
        </test-method> <!-- SetUp -->
        <test-method status="PASS" signature="BodyHoverWDDTest()[pri:0, instance:R_tests.R_HomePageTest@c46bcd4]" name="BodyHoverWDDTest" duration-ms="5257" started-at="2020-06-30T13:57:34 EDT" finished-at="2020-06-30T13:57:39 EDT">
          <reporter-output>
          </reporter-output>
        </test-method> <!-- BodyHoverWDDTest -->
        <test-method status="PASS" signature="tearDown()[pri:0, instance:R_tests.R_HomePageTest@c46bcd4]" name="tearDown" is-config="true" duration-ms="138" started-at="2020-06-30T13:57:39 EDT" finished-at="2020-06-30T13:57:40 EDT">
          <reporter-output>
          </reporter-output>
        </test-method> <!-- tearDown -->
        <test-method status="PASS" signature="SetUp()[pri:0, instance:R_tests.R_HomePageTest@c46bcd4]" name="SetUp" is-config="true" duration-ms="3794" started-at="2020-06-30T13:57:40 EDT" finished-at="2020-06-30T13:57:43 EDT">
          <reporter-output>
          </reporter-output>
        </test-method> <!-- SetUp -->
        <test-method status="PASS" signature="BodyMoreAboutUsTest()[pri:0, instance:R_tests.R_HomePageTest@c46bcd4]" name="BodyMoreAboutUsTest" duration-ms="3657" started-at="2020-06-30T13:57:43 EDT" finished-at="2020-06-30T13:57:47 EDT">
          <reporter-output>
          </reporter-output>
        </test-method> <!-- BodyMoreAboutUsTest -->
        <test-method status="PASS" signature="tearDown()[pri:0, instance:R_tests.R_HomePageTest@c46bcd4]" name="tearDown" is-config="true" duration-ms="175" started-at="2020-06-30T13:57:47 EDT" finished-at="2020-06-30T13:57:47 EDT">
          <reporter-output>
          </reporter-output>
        </test-method> <!-- tearDown -->
        <test-method status="PASS" signature="SetUp()[pri:0, instance:R_tests.R_HomePageTest@c46bcd4]" name="SetUp" is-config="true" duration-ms="3619" started-at="2020-06-30T13:57:47 EDT" finished-at="2020-06-30T13:57:51 EDT">
          <reporter-output>
          </reporter-output>
        </test-method> <!-- SetUp -->
        <test-method status="PASS" signature="BodyServicesTest()[pri:0, instance:R_tests.R_HomePageTest@c46bcd4]" name="BodyServicesTest" duration-ms="4048" started-at="2020-06-30T13:57:51 EDT" finished-at="2020-06-30T13:57:55 EDT">
          <reporter-output>
          </reporter-output>
        </test-method> <!-- BodyServicesTest -->
        <test-method status="PASS" signature="tearDown()[pri:0, instance:R_tests.R_HomePageTest@c46bcd4]" name="tearDown" is-config="true" duration-ms="153" started-at="2020-06-30T13:57:55 EDT" finished-at="2020-06-30T13:57:55 EDT">
          <reporter-output>
          </reporter-output>
        </test-method> <!-- tearDown -->
        <test-method status="PASS" signature="SetUp()[pri:0, instance:R_tests.R_HomePageTest@c46bcd4]" name="SetUp" is-config="true" duration-ms="4431" started-at="2020-06-30T13:57:55 EDT" finished-at="2020-06-30T13:57:59 EDT">
          <reporter-output>
          </reporter-output>
        </test-method> <!-- SetUp -->
        <test-method status="PASS" signature="BodyTrainingTest()[pri:0, instance:R_tests.R_HomePageTest@c46bcd4]" name="BodyTrainingTest" duration-ms="3396" started-at="2020-06-30T13:57:59 EDT" finished-at="2020-06-30T13:58:03 EDT">
          <reporter-output>
          </reporter-output>
        </test-method> <!-- BodyTrainingTest -->
        <test-method status="PASS" signature="tearDown()[pri:0, instance:R_tests.R_HomePageTest@c46bcd4]" name="tearDown" is-config="true" duration-ms="139" started-at="2020-06-30T13:58:03 EDT" finished-at="2020-06-30T13:58:03 EDT">
          <reporter-output>
          </reporter-output>
        </test-method> <!-- tearDown -->
        <test-method status="PASS" signature="SetUp()[pri:0, instance:R_tests.R_HomePageTest@c46bcd4]" name="SetUp" is-config="true" duration-ms="4276" started-at="2020-06-30T13:58:03 EDT" finished-at="2020-06-30T13:58:07 EDT">
          <reporter-output>
          </reporter-output>
        </test-method> <!-- SetUp -->
        <test-method status="PASS" signature="CareerTest()[pri:0, instance:R_tests.R_HomePageTest@c46bcd4]" name="CareerTest" duration-ms="3522" started-at="2020-06-30T13:58:07 EDT" finished-at="2020-06-30T13:58:11 EDT">
          <reporter-output>
          </reporter-output>
        </test-method> <!-- CareerTest -->
        <test-method status="PASS" signature="tearDown()[pri:0, instance:R_tests.R_HomePageTest@c46bcd4]" name="tearDown" is-config="true" duration-ms="146" started-at="2020-06-30T13:58:11 EDT" finished-at="2020-06-30T13:58:11 EDT">
          <reporter-output>
          </reporter-output>
        </test-method> <!-- tearDown -->
        <test-method status="PASS" signature="SetUp()[pri:0, instance:R_tests.R_HomePageTest@c46bcd4]" name="SetUp" is-config="true" duration-ms="3730" started-at="2020-06-30T13:58:11 EDT" finished-at="2020-06-30T13:58:15 EDT">
          <reporter-output>
          </reporter-output>
        </test-method> <!-- SetUp -->
        <test-method status="PASS" signature="EmailTest1()[pri:0, instance:R_tests.R_HomePageTest@c46bcd4]" name="EmailTest1" duration-ms="4486" started-at="2020-06-30T13:58:15 EDT" finished-at="2020-06-30T13:58:19 EDT">
          <reporter-output>
          </reporter-output>
        </test-method> <!-- EmailTest1 -->
        <test-method status="PASS" signature="tearDown()[pri:0, instance:R_tests.R_HomePageTest@c46bcd4]" name="tearDown" is-config="true" duration-ms="143" started-at="2020-06-30T13:58:19 EDT" finished-at="2020-06-30T13:58:19 EDT">
          <reporter-output>
          </reporter-output>
        </test-method> <!-- tearDown -->
        <test-method status="PASS" signature="SetUp()[pri:0, instance:R_tests.R_HomePageTest@c46bcd4]" name="SetUp" is-config="true" duration-ms="3752" started-at="2020-06-30T13:58:19 EDT" finished-at="2020-06-30T13:58:23 EDT">
          <reporter-output>
          </reporter-output>
        </test-method> <!-- SetUp -->
        <test-method status="PASS" signature="EmailTest2()[pri:0, instance:R_tests.R_HomePageTest@c46bcd4]" name="EmailTest2" duration-ms="4434" started-at="2020-06-30T13:58:23 EDT" finished-at="2020-06-30T13:58:28 EDT">
          <reporter-output>
          </reporter-output>
        </test-method> <!-- EmailTest2 -->
        <test-method status="PASS" signature="tearDown()[pri:0, instance:R_tests.R_HomePageTest@c46bcd4]" name="tearDown" is-config="true" duration-ms="154" started-at="2020-06-30T13:58:28 EDT" finished-at="2020-06-30T13:58:28 EDT">
          <reporter-output>
          </reporter-output>
        </test-method> <!-- tearDown -->
        <test-method status="PASS" signature="SetUp()[pri:0, instance:R_tests.R_HomePageTest@c46bcd4]" name="SetUp" is-config="true" duration-ms="3528" started-at="2020-06-30T13:58:28 EDT" finished-at="2020-06-30T13:58:31 EDT">
          <reporter-output>
          </reporter-output>
        </test-method> <!-- SetUp -->
        <test-method status="PASS" signature="EmailTest3()[pri:0, instance:R_tests.R_HomePageTest@c46bcd4]" name="EmailTest3" duration-ms="4458" started-at="2020-06-30T13:58:31 EDT" finished-at="2020-06-30T13:58:36 EDT">
          <reporter-output>
          </reporter-output>
        </test-method> <!-- EmailTest3 -->
        <test-method status="PASS" signature="tearDown()[pri:0, instance:R_tests.R_HomePageTest@c46bcd4]" name="tearDown" is-config="true" duration-ms="139" started-at="2020-06-30T13:58:36 EDT" finished-at="2020-06-30T13:58:36 EDT">
          <reporter-output>
          </reporter-output>
        </test-method> <!-- tearDown -->
        <test-method status="PASS" signature="SetUp()[pri:0, instance:R_tests.R_HomePageTest@c46bcd4]" name="SetUp" is-config="true" duration-ms="3838" started-at="2020-06-30T13:58:36 EDT" finished-at="2020-06-30T13:58:40 EDT">
          <reporter-output>
          </reporter-output>
        </test-method> <!-- SetUp -->
        <test-method status="PASS" signature="EnquireNowTest()[pri:0, instance:R_tests.R_HomePageTest@c46bcd4]" name="EnquireNowTest" duration-ms="3482" started-at="2020-06-30T13:58:40 EDT" finished-at="2020-06-30T13:58:43 EDT">
          <reporter-output>
          </reporter-output>
        </test-method> <!-- EnquireNowTest -->
        <test-method status="PASS" signature="tearDown()[pri:0, instance:R_tests.R_HomePageTest@c46bcd4]" name="tearDown" is-config="true" duration-ms="137" started-at="2020-06-30T13:58:43 EDT" finished-at="2020-06-30T13:58:43 EDT">
          <reporter-output>
          </reporter-output>
        </test-method> <!-- tearDown -->
        <test-method status="PASS" signature="SetUp()[pri:0, instance:R_tests.R_HomePageTest@c46bcd4]" name="SetUp" is-config="true" duration-ms="4235" started-at="2020-06-30T13:58:43 EDT" finished-at="2020-06-30T13:58:47 EDT">
          <reporter-output>
          </reporter-output>
        </test-method> <!-- SetUp -->
        <test-method status="PASS" signature="EventLeftTest()[pri:0, instance:R_tests.R_HomePageTest@c46bcd4]" name="EventLeftTest" duration-ms="4993" started-at="2020-06-30T13:58:47 EDT" finished-at="2020-06-30T13:58:52 EDT">
          <reporter-output>
          </reporter-output>
        </test-method> <!-- EventLeftTest -->
        <test-method status="PASS" signature="tearDown()[pri:0, instance:R_tests.R_HomePageTest@c46bcd4]" name="tearDown" is-config="true" duration-ms="155" started-at="2020-06-30T13:58:52 EDT" finished-at="2020-06-30T13:58:53 EDT">
          <reporter-output>
          </reporter-output>
        </test-method> <!-- tearDown -->
        <test-method status="PASS" signature="SetUp()[pri:0, instance:R_tests.R_HomePageTest@c46bcd4]" name="SetUp" is-config="true" duration-ms="3639" started-at="2020-06-30T13:58:53 EDT" finished-at="2020-06-30T13:58:56 EDT">
          <reporter-output>
          </reporter-output>
        </test-method> <!-- SetUp -->
        <test-method status="PASS" signature="EventRightTest()[pri:0, instance:R_tests.R_HomePageTest@c46bcd4]" name="EventRightTest" duration-ms="5059" started-at="2020-06-30T13:58:56 EDT" finished-at="2020-06-30T13:59:01 EDT">
          <reporter-output>
          </reporter-output>
        </test-method> <!-- EventRightTest -->
        <test-method status="PASS" signature="tearDown()[pri:0, instance:R_tests.R_HomePageTest@c46bcd4]" name="tearDown" is-config="true" duration-ms="142" started-at="2020-06-30T13:59:01 EDT" finished-at="2020-06-30T13:59:01 EDT">
          <reporter-output>
          </reporter-output>
        </test-method> <!-- tearDown -->
        <test-method status="PASS" signature="SetUp()[pri:0, instance:R_tests.R_HomePageTest@c46bcd4]" name="SetUp" is-config="true" duration-ms="3633" started-at="2020-06-30T13:59:01 EDT" finished-at="2020-06-30T13:59:05 EDT">
          <reporter-output>
          </reporter-output>
        </test-method> <!-- SetUp -->
        <test-method status="PASS" signature="FooterFbTest()[pri:0, instance:R_tests.R_HomePageTest@c46bcd4]" name="FooterFbTest" duration-ms="6119" started-at="2020-06-30T13:59:05 EDT" finished-at="2020-06-30T13:59:11 EDT">
          <reporter-output>
          </reporter-output>
        </test-method> <!-- FooterFbTest -->
        <test-method status="PASS" signature="tearDown()[pri:0, instance:R_tests.R_HomePageTest@c46bcd4]" name="tearDown" is-config="true" duration-ms="226" started-at="2020-06-30T13:59:11 EDT" finished-at="2020-06-30T13:59:11 EDT">
          <reporter-output>
          </reporter-output>
        </test-method> <!-- tearDown -->
        <test-method status="PASS" signature="SetUp()[pri:0, instance:R_tests.R_HomePageTest@c46bcd4]" name="SetUp" is-config="true" duration-ms="4019" started-at="2020-06-30T13:59:11 EDT" finished-at="2020-06-30T13:59:15 EDT">
          <reporter-output>
          </reporter-output>
        </test-method> <!-- SetUp -->
        <test-method status="PASS" signature="FooterInTest()[pri:0, instance:R_tests.R_HomePageTest@c46bcd4]" name="FooterInTest" duration-ms="6042" started-at="2020-06-30T13:59:15 EDT" finished-at="2020-06-30T13:59:22 EDT">
          <reporter-output>
          </reporter-output>
        </test-method> <!-- FooterInTest -->
        <test-method status="PASS" signature="tearDown()[pri:0, instance:R_tests.R_HomePageTest@c46bcd4]" name="tearDown" is-config="true" duration-ms="196" started-at="2020-06-30T13:59:22 EDT" finished-at="2020-06-30T13:59:22 EDT">
          <reporter-output>
          </reporter-output>
        </test-method> <!-- tearDown -->
        <test-method status="PASS" signature="SetUp()[pri:0, instance:R_tests.R_HomePageTest@c46bcd4]" name="SetUp" is-config="true" duration-ms="3674" started-at="2020-06-30T13:59:22 EDT" finished-at="2020-06-30T13:59:25 EDT">
          <reporter-output>
          </reporter-output>
        </test-method> <!-- SetUp -->
        <test-method status="PASS" signature="FooterLiTest()[pri:0, instance:R_tests.R_HomePageTest@c46bcd4]" name="FooterLiTest" duration-ms="6065" started-at="2020-06-30T13:59:25 EDT" finished-at="2020-06-30T13:59:31 EDT">
          <reporter-output>
          </reporter-output>
        </test-method> <!-- FooterLiTest -->
        <test-method status="PASS" signature="tearDown()[pri:0, instance:R_tests.R_HomePageTest@c46bcd4]" name="tearDown" is-config="true" duration-ms="167" started-at="2020-06-30T13:59:31 EDT" finished-at="2020-06-30T13:59:32 EDT">
          <reporter-output>
          </reporter-output>
        </test-method> <!-- tearDown -->
        <test-method status="PASS" signature="SetUp()[pri:0, instance:R_tests.R_HomePageTest@c46bcd4]" name="SetUp" is-config="true" duration-ms="4044" started-at="2020-06-30T13:59:32 EDT" finished-at="2020-06-30T13:59:36 EDT">
          <reporter-output>
          </reporter-output>
        </test-method> <!-- SetUp -->
        <test-method status="PASS" signature="FooterReadTest()[pri:0, instance:R_tests.R_HomePageTest@c46bcd4]" name="FooterReadTest" duration-ms="3382" started-at="2020-06-30T13:59:36 EDT" finished-at="2020-06-30T13:59:39 EDT">
          <reporter-output>
          </reporter-output>
        </test-method> <!-- FooterReadTest -->
        <test-method status="PASS" signature="tearDown()[pri:0, instance:R_tests.R_HomePageTest@c46bcd4]" name="tearDown" is-config="true" duration-ms="154" started-at="2020-06-30T13:59:39 EDT" finished-at="2020-06-30T13:59:39 EDT">
          <reporter-output>
          </reporter-output>
        </test-method> <!-- tearDown -->
        <test-method status="PASS" signature="SetUp()[pri:0, instance:R_tests.R_HomePageTest@c46bcd4]" name="SetUp" is-config="true" duration-ms="3830" started-at="2020-06-30T13:59:39 EDT" finished-at="2020-06-30T13:59:43 EDT">
          <reporter-output>
          </reporter-output>
        </test-method> <!-- SetUp -->
        <test-method status="PASS" signature="FooterTwTest()[pri:0, instance:R_tests.R_HomePageTest@c46bcd4]" name="FooterTwTest" duration-ms="6046" started-at="2020-06-30T13:59:43 EDT" finished-at="2020-06-30T13:59:49 EDT">
          <reporter-output>
          </reporter-output>
        </test-method> <!-- FooterTwTest -->
        <test-method status="PASS" signature="tearDown()[pri:0, instance:R_tests.R_HomePageTest@c46bcd4]" name="tearDown" is-config="true" duration-ms="267" started-at="2020-06-30T13:59:49 EDT" finished-at="2020-06-30T13:59:49 EDT">
          <reporter-output>
          </reporter-output>
        </test-method> <!-- tearDown -->
        <test-method status="PASS" signature="SetUp()[pri:0, instance:R_tests.R_HomePageTest@c46bcd4]" name="SetUp" is-config="true" duration-ms="3609" started-at="2020-06-30T13:59:49 EDT" finished-at="2020-06-30T13:59:53 EDT">
          <reporter-output>
          </reporter-output>
        </test-method> <!-- SetUp -->
        <test-method status="PASS" signature="FooterYoTest()[pri:0, instance:R_tests.R_HomePageTest@c46bcd4]" name="FooterYoTest" duration-ms="6110" started-at="2020-06-30T13:59:53 EDT" finished-at="2020-06-30T13:59:59 EDT">
          <reporter-output>
          </reporter-output>
        </test-method> <!-- FooterYoTest -->
        <test-method status="PASS" signature="tearDown()[pri:0, instance:R_tests.R_HomePageTest@c46bcd4]" name="tearDown" is-config="true" duration-ms="202" started-at="2020-06-30T13:59:59 EDT" finished-at="2020-06-30T13:59:59 EDT">
          <reporter-output>
          </reporter-output>
        </test-method> <!-- tearDown -->
        <test-method status="PASS" signature="SetUp()[pri:0, instance:R_tests.R_HomePageTest@c46bcd4]" name="SetUp" is-config="true" duration-ms="3707" started-at="2020-06-30T13:59:59 EDT" finished-at="2020-06-30T14:00:03 EDT">
          <reporter-output>
          </reporter-output>
        </test-method> <!-- SetUp -->
        <test-method status="PASS" signature="HeaderFbTest()[pri:0, instance:R_tests.R_HomePageTest@c46bcd4]" name="HeaderFbTest" duration-ms="6145" started-at="2020-06-30T14:00:03 EDT" finished-at="2020-06-30T14:00:09 EDT">
          <reporter-output>
          </reporter-output>
        </test-method> <!-- HeaderFbTest -->
        <test-method status="PASS" signature="tearDown()[pri:0, instance:R_tests.R_HomePageTest@c46bcd4]" name="tearDown" is-config="true" duration-ms="230" started-at="2020-06-30T14:00:09 EDT" finished-at="2020-06-30T14:00:09 EDT">
          <reporter-output>
          </reporter-output>
        </test-method> <!-- tearDown -->
        <test-method status="PASS" signature="SetUp()[pri:0, instance:R_tests.R_HomePageTest@c46bcd4]" name="SetUp" is-config="true" duration-ms="3782" started-at="2020-06-30T14:00:09 EDT" finished-at="2020-06-30T14:00:13 EDT">
          <reporter-output>
          </reporter-output>
        </test-method> <!-- SetUp -->
        <test-method status="PASS" signature="HeaderInTest()[pri:0, instance:R_tests.R_HomePageTest@c46bcd4]" name="HeaderInTest" duration-ms="6116" started-at="2020-06-30T14:00:13 EDT" finished-at="2020-06-30T14:00:19 EDT">
          <reporter-output>
          </reporter-output>
        </test-method> <!-- HeaderInTest -->
        <test-method status="PASS" signature="tearDown()[pri:0, instance:R_tests.R_HomePageTest@c46bcd4]" name="tearDown" is-config="true" duration-ms="229" started-at="2020-06-30T14:00:19 EDT" finished-at="2020-06-30T14:00:19 EDT">
          <reporter-output>
          </reporter-output>
        </test-method> <!-- tearDown -->
        <test-method status="PASS" signature="SetUp()[pri:0, instance:R_tests.R_HomePageTest@c46bcd4]" name="SetUp" is-config="true" duration-ms="3659" started-at="2020-06-30T14:00:19 EDT" finished-at="2020-06-30T14:00:23 EDT">
          <reporter-output>
          </reporter-output>
        </test-method> <!-- SetUp -->
        <test-method status="PASS" signature="HeaderLiTest()[pri:0, instance:R_tests.R_HomePageTest@c46bcd4]" name="HeaderLiTest" duration-ms="6149" started-at="2020-06-30T14:00:23 EDT" finished-at="2020-06-30T14:00:29 EDT">
          <reporter-output>
          </reporter-output>
        </test-method> <!-- HeaderLiTest -->
        <test-method status="PASS" signature="tearDown()[pri:0, instance:R_tests.R_HomePageTest@c46bcd4]" name="tearDown" is-config="true" duration-ms="189" started-at="2020-06-30T14:00:29 EDT" finished-at="2020-06-30T14:00:29 EDT">
          <reporter-output>
          </reporter-output>
        </test-method> <!-- tearDown -->
        <test-method status="PASS" signature="SetUp()[pri:0, instance:R_tests.R_HomePageTest@c46bcd4]" name="SetUp" is-config="true" duration-ms="3728" started-at="2020-06-30T14:00:29 EDT" finished-at="2020-06-30T14:00:33 EDT">
          <reporter-output>
          </reporter-output>
        </test-method> <!-- SetUp -->
        <test-method status="PASS" signature="HeaderTwTest()[pri:0, instance:R_tests.R_HomePageTest@c46bcd4]" name="HeaderTwTest" duration-ms="6193" started-at="2020-06-30T14:00:33 EDT" finished-at="2020-06-30T14:00:39 EDT">
          <reporter-output>
          </reporter-output>
        </test-method> <!-- HeaderTwTest -->
        <test-method status="PASS" signature="tearDown()[pri:0, instance:R_tests.R_HomePageTest@c46bcd4]" name="tearDown" is-config="true" duration-ms="280" started-at="2020-06-30T14:00:39 EDT" finished-at="2020-06-30T14:00:40 EDT">
          <reporter-output>
          </reporter-output>
        </test-method> <!-- tearDown -->
        <test-method status="PASS" signature="SetUp()[pri:0, instance:R_tests.R_HomePageTest@c46bcd4]" name="SetUp" is-config="true" duration-ms="3659" started-at="2020-06-30T14:00:40 EDT" finished-at="2020-06-30T14:00:43 EDT">
          <reporter-output>
          </reporter-output>
        </test-method> <!-- SetUp -->
        <test-method status="PASS" signature="HeaderYoTest()[pri:0, instance:R_tests.R_HomePageTest@c46bcd4]" name="HeaderYoTest" duration-ms="6070" started-at="2020-06-30T14:00:43 EDT" finished-at="2020-06-30T14:00:49 EDT">
          <reporter-output>
          </reporter-output>
        </test-method> <!-- HeaderYoTest -->
        <test-method status="PASS" signature="tearDown()[pri:0, instance:R_tests.R_HomePageTest@c46bcd4]" name="tearDown" is-config="true" duration-ms="198" started-at="2020-06-30T14:00:49 EDT" finished-at="2020-06-30T14:00:50 EDT">
          <reporter-output>
          </reporter-output>
        </test-method> <!-- tearDown -->
        <test-method status="PASS" signature="SetUp()[pri:0, instance:R_tests.R_HomePageTest@c46bcd4]" name="SetUp" is-config="true" duration-ms="3632" started-at="2020-06-30T14:00:50 EDT" finished-at="2020-06-30T14:00:53 EDT">
          <reporter-output>
          </reporter-output>
        </test-method> <!-- SetUp -->
        <test-method status="PASS" signature="HomePageTitleTest()[pri:0, instance:R_tests.R_HomePageTest@c46bcd4]" name="HomePageTitleTest" duration-ms="60" started-at="2020-06-30T14:00:53 EDT" finished-at="2020-06-30T14:00:53 EDT">
          <reporter-output>
          </reporter-output>
        </test-method> <!-- HomePageTitleTest -->
        <test-method status="PASS" signature="tearDown()[pri:0, instance:R_tests.R_HomePageTest@c46bcd4]" name="tearDown" is-config="true" duration-ms="155" started-at="2020-06-30T14:00:53 EDT" finished-at="2020-06-30T14:00:53 EDT">
          <reporter-output>
          </reporter-output>
        </test-method> <!-- tearDown -->
        <test-method status="PASS" signature="SetUp()[pri:0, instance:R_tests.R_HomePageTest@c46bcd4]" name="SetUp" is-config="true" duration-ms="3727" started-at="2020-06-30T14:00:53 EDT" finished-at="2020-06-30T14:00:57 EDT">
          <reporter-output>
          </reporter-output>
        </test-method> <!-- SetUp -->
        <test-method status="FAIL" signature="OtherLeftTest()[pri:0, instance:R_tests.R_HomePageTest@c46bcd4]" name="OtherLeftTest" duration-ms="30912" started-at="2020-06-30T14:00:57 EDT" finished-at="2020-06-30T14:01:28 EDT">
          <exception class="org.openqa.selenium.NoSuchElementException">
            <message>
              <![CDATA[no such element: Unable to locate element: {"method":"xpath","selector":"//div[@class='owl-carousel-4col appendHtml owl-nav-top owl-carousel owl-theme owl-loaded']//div[@class='owl-prev']"}
  (Session info: chrome=83.0.4103.116)
For documentation on this error, please visit: https://www.seleniumhq.org/exceptions/no_such_element.html
Build info: version: '3.141.59', revision: 'e82be7d358', time: '2018-11-14T08:17:03'
System info: host: 'Dhruvs-Air', ip: 'fe80:0:0:0:10a4:cf01:33f4:1086%en0', os.name: 'Mac OS X', os.arch: 'x86_64', os.version: '10.15.5', java.version: '1.8.0_231'
Driver info: org.openqa.selenium.chrome.ChromeDriver
Capabilities {acceptInsecureCerts: false, browserName: chrome, browserVersion: 83.0.4103.116, chrome: {chromedriverVersion: 83.0.4103.39 (ccbf011cb2d2b..., userDataDir: /var/folders/ft/qmvsvdsx79j...}, goog:chromeOptions: {debuggerAddress: localhost:57683}, javascriptEnabled: true, networkConnectionEnabled: false, pageLoadStrategy: normal, platform: MAC, platformName: MAC, proxy: Proxy(), setWindowRect: true, strictFileInteractability: false, timeouts: {implicit: 0, pageLoad: 300000, script: 30000}, unhandledPromptBehavior: dismiss and notify, webauthn:virtualAuthenticators: true}
Session ID: ea6a45035a110252912728ffbaa49a98
*** Element info: {Using=xpath, value=//div[@class='owl-carousel-4col appendHtml owl-nav-top owl-carousel owl-theme owl-loaded']//div[@class='owl-prev']}]]>
            </message>
            <full-stacktrace>
              <![CDATA[org.openqa.selenium.NoSuchElementException: no such element: Unable to locate element: {"method":"xpath","selector":"//div[@class='owl-carousel-4col appendHtml owl-nav-top owl-carousel owl-theme owl-loaded']//div[@class='owl-prev']"}
  (Session info: chrome=83.0.4103.116)
For documentation on this error, please visit: https://www.seleniumhq.org/exceptions/no_such_element.html
Build info: version: '3.141.59', revision: 'e82be7d358', time: '2018-11-14T08:17:03'
System info: host: 'Dhruvs-Air', ip: 'fe80:0:0:0:10a4:cf01:33f4:1086%en0', os.name: 'Mac OS X', os.arch: 'x86_64', os.version: '10.15.5', java.version: '1.8.0_231'
Driver info: org.openqa.selenium.chrome.ChromeDriver
Capabilities {acceptInsecureCerts: false, browserName: chrome, browserVersion: 83.0.4103.116, chrome: {chromedriverVersion: 83.0.4103.39 (ccbf011cb2d2b..., userDataDir: /var/folders/ft/qmvsvdsx79j...}, goog:chromeOptions: {debuggerAddress: localhost:57683}, javascriptEnabled: true, networkConnectionEnabled: false, pageLoadStrategy: normal, platform: MAC, platformName: MAC, proxy: Proxy(), setWindowRect: true, strictFileInteractability: false, timeouts: {implicit: 0, pageLoad: 300000, script: 30000}, unhandledPromptBehavior: dismiss and notify, webauthn:virtualAuthenticators: true}
Session ID: ea6a45035a110252912728ffbaa49a98
*** Element info: {Using=xpath, value=//div[@class='owl-carousel-4col appendHtml owl-nav-top owl-carousel owl-theme owl-loaded']//div[@class='owl-prev']}
at sun.reflect.NativeConstructorAccessorImpl.newInstance0(Native Method)
at sun.reflect.NativeConstructorAccessorImpl.newInstance(NativeConstructorAccessorImpl.java:62)
at sun.reflect.DelegatingConstructorAccessorImpl.newInstance(DelegatingConstructorAccessorImpl.java:45)
at java.lang.reflect.Constructor.newInstance(Constructor.java:423)
at org.openqa.selenium.remote.http.W3CHttpResponseCodec.createException(W3CHttpResponseCodec.java:187)
at org.openqa.selenium.remote.http.W3CHttpResponseCodec.decode(W3CHttpResponseCodec.java:122)
at org.openqa.selenium.remote.http.W3CHttpResponseCodec.decode(W3CHttpResponseCodec.java:49)
at org.openqa.selenium.remote.HttpCommandExecutor.execute(HttpCommandExecutor.java:158)
at org.openqa.selenium.remote.service.DriverCommandExecutor.execute(DriverCommandExecutor.java:83)
at org.openqa.selenium.remote.RemoteWebDriver.execute(RemoteWebDriver.java:552)
at org.openqa.selenium.remote.RemoteWebDriver.findElement(RemoteWebDriver.java:323)
at org.openqa.selenium.remote.RemoteWebDriver.findElementByXPath(RemoteWebDriver.java:428)
at org.openqa.selenium.By$ByXPath.findElement(By.java:353)
at org.openqa.selenium.remote.RemoteWebDriver.findElement(RemoteWebDriver.java:315)
at sun.reflect.GeneratedMethodAccessor5.invoke(Unknown Source)
at sun.reflect.DelegatingMethodAccessorImpl.invoke(DelegatingMethodAccessorImpl.java:43)
at java.lang.reflect.Method.invoke(Method.java:498)
at org.openqa.selenium.support.events.EventFiringWebDriver.lambda$new$1(EventFiringWebDriver.java:105)
at com.sun.proxy.$Proxy7.findElement(Unknown Source)
at org.openqa.selenium.support.events.EventFiringWebDriver.findElement(EventFiringWebDriver.java:194)
at org.openqa.selenium.support.pagefactory.DefaultElementLocator.findElement(DefaultElementLocator.java:69)
at org.openqa.selenium.support.pagefactory.internal.LocatingElementHandler.invoke(LocatingElementHandler.java:38)
at com.sun.proxy.$Proxy11.click(Unknown Source)
at R_pages.R_HomePage.verifyOtherLeft(R_HomePage.java:361)
at R_tests.R_HomePageTest.OtherLeftTest(R_HomePageTest.java:147)
at sun.reflect.NativeMethodAccessorImpl.invoke0(Native Method)
at sun.reflect.NativeMethodAccessorImpl.invoke(NativeMethodAccessorImpl.java:62)
at sun.reflect.DelegatingMethodAccessorImpl.invoke(DelegatingMethodAccessorImpl.java:43)
at java.lang.reflect.Method.invoke(Method.java:498)
at org.testng.internal.MethodInvocationHelper.invokeMethod(MethodInvocationHelper.java:133)
at org.testng.internal.TestInvoker.invokeMethod(TestInvoker.java:584)
at org.testng.internal.TestInvoker.invokeTestMethod(TestInvoker.java:172)
at org.testng.internal.MethodRunner.runInSequence(MethodRunner.java:46)
at org.testng.internal.TestInvoker$MethodInvocationAgent.invoke(TestInvoker.java:804)
at org.testng.internal.TestInvoker.invokeTestMethods(TestInvoker.java:145)
at org.testng.internal.TestMethodWorker.invokeTestMethods(TestMethodWorker.java:146)
at org.testng.internal.TestMethodWorker.run(TestMethodWorker.java:128)
at java.util.ArrayList.forEach(ArrayList.java:1257)
at org.testng.TestRunner.privateRun(TestRunner.java:770)
at org.testng.TestRunner.run(TestRunner.java:591)
at org.testng.SuiteRunner.runTest(SuiteRunner.java:402)
at org.testng.SuiteRunner.runSequentially(SuiteRunner.java:396)
at org.testng.SuiteRunner.privateRun(SuiteRunner.java:355)
at org.testng.SuiteRunner.run(SuiteRunner.java:304)
at org.testng.SuiteRunnerWorker.runSuite(SuiteRunnerWorker.java:53)
at org.testng.SuiteRunnerWorker.run(SuiteRunnerWorker.java:96)
at org.testng.TestNG.runSuitesSequentially(TestNG.java:1180)
at org.testng.TestNG.runSuitesLocally(TestNG.java:1102)
at org.testng.TestNG.runSuites(TestNG.java:1032)
at org.testng.TestNG.run(TestNG.java:1000)
at org.testng.remote.AbstractRemoteTestNG.run(AbstractRemoteTestNG.java:115)
at org.testng.remote.RemoteTestNG.initAndRun(RemoteTestNG.java:251)
at org.testng.remote.RemoteTestNG.main(RemoteTestNG.java:77)
]]>
            </full-stacktrace>
          </exception> <!-- org.openqa.selenium.NoSuchElementException -->
          <reporter-output>
          </reporter-output>
        </test-method> <!-- OtherLeftTest -->
        <test-method status="PASS" signature="tearDown()[pri:0, instance:R_tests.R_HomePageTest@c46bcd4]" name="tearDown" is-config="true" duration-ms="170" started-at="2020-06-30T14:01:28 EDT" finished-at="2020-06-30T14:01:28 EDT">
          <reporter-output>
          </reporter-output>
        </test-method> <!-- tearDown -->
        <test-method status="PASS" signature="SetUp()[pri:0, instance:R_tests.R_HomePageTest@c46bcd4]" name="SetUp" is-config="true" duration-ms="3782" started-at="2020-06-30T14:01:28 EDT" finished-at="2020-06-30T14:01:32 EDT">
          <reporter-output>
          </reporter-output>
        </test-method> <!-- SetUp -->
        <test-method status="FAIL" signature="OtherRightTest()[pri:0, instance:R_tests.R_HomePageTest@c46bcd4]" name="OtherRightTest" duration-ms="30807" started-at="2020-06-30T14:01:32 EDT" finished-at="2020-06-30T14:02:03 EDT">
          <exception class="org.openqa.selenium.NoSuchElementException">
            <message>
              <![CDATA[no such element: Unable to locate element: {"method":"xpath","selector":"//div[@class='owl-carousel-4col appendHtml owl-nav-top owl-carousel owl-theme owl-loaded']//div[@class='owl-next']"}
  (Session info: chrome=83.0.4103.116)
For documentation on this error, please visit: https://www.seleniumhq.org/exceptions/no_such_element.html
Build info: version: '3.141.59', revision: 'e82be7d358', time: '2018-11-14T08:17:03'
System info: host: 'Dhruvs-Air', ip: 'fe80:0:0:0:10a4:cf01:33f4:1086%en0', os.name: 'Mac OS X', os.arch: 'x86_64', os.version: '10.15.5', java.version: '1.8.0_231'
Driver info: org.openqa.selenium.chrome.ChromeDriver
Capabilities {acceptInsecureCerts: false, browserName: chrome, browserVersion: 83.0.4103.116, chrome: {chromedriverVersion: 83.0.4103.39 (ccbf011cb2d2b..., userDataDir: /var/folders/ft/qmvsvdsx79j...}, goog:chromeOptions: {debuggerAddress: localhost:57851}, javascriptEnabled: true, networkConnectionEnabled: false, pageLoadStrategy: normal, platform: MAC, platformName: MAC, proxy: Proxy(), setWindowRect: true, strictFileInteractability: false, timeouts: {implicit: 0, pageLoad: 300000, script: 30000}, unhandledPromptBehavior: dismiss and notify, webauthn:virtualAuthenticators: true}
Session ID: ccb36bcddaabf022a5b9866f61de83ab
*** Element info: {Using=xpath, value=//div[@class='owl-carousel-4col appendHtml owl-nav-top owl-carousel owl-theme owl-loaded']//div[@class='owl-next']}]]>
            </message>
            <full-stacktrace>
              <![CDATA[org.openqa.selenium.NoSuchElementException: no such element: Unable to locate element: {"method":"xpath","selector":"//div[@class='owl-carousel-4col appendHtml owl-nav-top owl-carousel owl-theme owl-loaded']//div[@class='owl-next']"}
  (Session info: chrome=83.0.4103.116)
For documentation on this error, please visit: https://www.seleniumhq.org/exceptions/no_such_element.html
Build info: version: '3.141.59', revision: 'e82be7d358', time: '2018-11-14T08:17:03'
System info: host: 'Dhruvs-Air', ip: 'fe80:0:0:0:10a4:cf01:33f4:1086%en0', os.name: 'Mac OS X', os.arch: 'x86_64', os.version: '10.15.5', java.version: '1.8.0_231'
Driver info: org.openqa.selenium.chrome.ChromeDriver
Capabilities {acceptInsecureCerts: false, browserName: chrome, browserVersion: 83.0.4103.116, chrome: {chromedriverVersion: 83.0.4103.39 (ccbf011cb2d2b..., userDataDir: /var/folders/ft/qmvsvdsx79j...}, goog:chromeOptions: {debuggerAddress: localhost:57851}, javascriptEnabled: true, networkConnectionEnabled: false, pageLoadStrategy: normal, platform: MAC, platformName: MAC, proxy: Proxy(), setWindowRect: true, strictFileInteractability: false, timeouts: {implicit: 0, pageLoad: 300000, script: 30000}, unhandledPromptBehavior: dismiss and notify, webauthn:virtualAuthenticators: true}
Session ID: ccb36bcddaabf022a5b9866f61de83ab
*** Element info: {Using=xpath, value=//div[@class='owl-carousel-4col appendHtml owl-nav-top owl-carousel owl-theme owl-loaded']//div[@class='owl-next']}
at sun.reflect.NativeConstructorAccessorImpl.newInstance0(Native Method)
at sun.reflect.NativeConstructorAccessorImpl.newInstance(NativeConstructorAccessorImpl.java:62)
at sun.reflect.DelegatingConstructorAccessorImpl.newInstance(DelegatingConstructorAccessorImpl.java:45)
at java.lang.reflect.Constructor.newInstance(Constructor.java:423)
at org.openqa.selenium.remote.http.W3CHttpResponseCodec.createException(W3CHttpResponseCodec.java:187)
at org.openqa.selenium.remote.http.W3CHttpResponseCodec.decode(W3CHttpResponseCodec.java:122)
at org.openqa.selenium.remote.http.W3CHttpResponseCodec.decode(W3CHttpResponseCodec.java:49)
at org.openqa.selenium.remote.HttpCommandExecutor.execute(HttpCommandExecutor.java:158)
at org.openqa.selenium.remote.service.DriverCommandExecutor.execute(DriverCommandExecutor.java:83)
at org.openqa.selenium.remote.RemoteWebDriver.execute(RemoteWebDriver.java:552)
at org.openqa.selenium.remote.RemoteWebDriver.findElement(RemoteWebDriver.java:323)
at org.openqa.selenium.remote.RemoteWebDriver.findElementByXPath(RemoteWebDriver.java:428)
at org.openqa.selenium.By$ByXPath.findElement(By.java:353)
at org.openqa.selenium.remote.RemoteWebDriver.findElement(RemoteWebDriver.java:315)
at sun.reflect.GeneratedMethodAccessor5.invoke(Unknown Source)
at sun.reflect.DelegatingMethodAccessorImpl.invoke(DelegatingMethodAccessorImpl.java:43)
at java.lang.reflect.Method.invoke(Method.java:498)
at org.openqa.selenium.support.events.EventFiringWebDriver.lambda$new$1(EventFiringWebDriver.java:105)
at com.sun.proxy.$Proxy7.findElement(Unknown Source)
at org.openqa.selenium.support.events.EventFiringWebDriver.findElement(EventFiringWebDriver.java:194)
at org.openqa.selenium.support.pagefactory.DefaultElementLocator.findElement(DefaultElementLocator.java:69)
at org.openqa.selenium.support.pagefactory.internal.LocatingElementHandler.invoke(LocatingElementHandler.java:38)
at com.sun.proxy.$Proxy11.click(Unknown Source)
at R_pages.R_HomePage.verifyOtherRight(R_HomePage.java:369)
at R_tests.R_HomePageTest.OtherRightTest(R_HomePageTest.java:152)
at sun.reflect.NativeMethodAccessorImpl.invoke0(Native Method)
at sun.reflect.NativeMethodAccessorImpl.invoke(NativeMethodAccessorImpl.java:62)
at sun.reflect.DelegatingMethodAccessorImpl.invoke(DelegatingMethodAccessorImpl.java:43)
at java.lang.reflect.Method.invoke(Method.java:498)
at org.testng.internal.MethodInvocationHelper.invokeMethod(MethodInvocationHelper.java:133)
at org.testng.internal.TestInvoker.invokeMethod(TestInvoker.java:584)
at org.testng.internal.TestInvoker.invokeTestMethod(TestInvoker.java:172)
at org.testng.internal.MethodRunner.runInSequence(MethodRunner.java:46)
at org.testng.internal.TestInvoker$MethodInvocationAgent.invoke(TestInvoker.java:804)
at org.testng.internal.TestInvoker.invokeTestMethods(TestInvoker.java:145)
at org.testng.internal.TestMethodWorker.invokeTestMethods(TestMethodWorker.java:146)
at org.testng.internal.TestMethodWorker.run(TestMethodWorker.java:128)
at java.util.ArrayList.forEach(ArrayList.java:1257)
at org.testng.TestRunner.privateRun(TestRunner.java:770)
at org.testng.TestRunner.run(TestRunner.java:591)
at org.testng.SuiteRunner.runTest(SuiteRunner.java:402)
at org.testng.SuiteRunner.runSequentially(SuiteRunner.java:396)
at org.testng.SuiteRunner.privateRun(SuiteRunner.java:355)
at org.testng.SuiteRunner.run(SuiteRunner.java:304)
at org.testng.SuiteRunnerWorker.runSuite(SuiteRunnerWorker.java:53)
at org.testng.SuiteRunnerWorker.run(SuiteRunnerWorker.java:96)
at org.testng.TestNG.runSuitesSequentially(TestNG.java:1180)
at org.testng.TestNG.runSuitesLocally(TestNG.java:1102)
at org.testng.TestNG.runSuites(TestNG.java:1032)
at org.testng.TestNG.run(TestNG.java:1000)
at org.testng.remote.AbstractRemoteTestNG.run(AbstractRemoteTestNG.java:115)
at org.testng.remote.RemoteTestNG.initAndRun(RemoteTestNG.java:251)
at org.testng.remote.RemoteTestNG.main(RemoteTestNG.java:77)
]]>
            </full-stacktrace>
          </exception> <!-- org.openqa.selenium.NoSuchElementException -->
          <reporter-output>
          </reporter-output>
        </test-method> <!-- OtherRightTest -->
        <test-method status="PASS" signature="tearDown()[pri:0, instance:R_tests.R_HomePageTest@c46bcd4]" name="tearDown" is-config="true" duration-ms="147" started-at="2020-06-30T14:02:03 EDT" finished-at="2020-06-30T14:02:03 EDT">
          <reporter-output>
          </reporter-output>
        </test-method> <!-- tearDown -->
        <test-method status="PASS" signature="SetUp()[pri:0, instance:R_tests.R_HomePageTest@c46bcd4]" name="SetUp" is-config="true" duration-ms="3665" started-at="2020-06-30T14:02:03 EDT" finished-at="2020-06-30T14:02:07 EDT">
          <reporter-output>
          </reporter-output>
        </test-method> <!-- SetUp -->
        <test-method status="PASS" signature="VideoLeftTest()[pri:0, instance:R_tests.R_HomePageTest@c46bcd4]" name="VideoLeftTest" duration-ms="5008" started-at="2020-06-30T14:02:07 EDT" finished-at="2020-06-30T14:02:12 EDT">
          <reporter-output>
          </reporter-output>
        </test-method> <!-- VideoLeftTest -->
        <test-method status="PASS" signature="tearDown()[pri:0, instance:R_tests.R_HomePageTest@c46bcd4]" name="tearDown" is-config="true" duration-ms="135" started-at="2020-06-30T14:02:12 EDT" finished-at="2020-06-30T14:02:12 EDT">
          <reporter-output>
          </reporter-output>
        </test-method> <!-- tearDown -->
        <test-method status="PASS" signature="SetUp()[pri:0, instance:R_tests.R_HomePageTest@c46bcd4]" name="SetUp" is-config="true" duration-ms="3894" started-at="2020-06-30T14:02:12 EDT" finished-at="2020-06-30T14:02:16 EDT">
          <reporter-output>
          </reporter-output>
        </test-method> <!-- SetUp -->
        <test-method status="PASS" signature="VideoRightTest()[pri:0, instance:R_tests.R_HomePageTest@c46bcd4]" name="VideoRightTest" duration-ms="4988" started-at="2020-06-30T14:02:16 EDT" finished-at="2020-06-30T14:02:21 EDT">
          <reporter-output>
          </reporter-output>
        </test-method> <!-- VideoRightTest -->
        <test-method status="PASS" signature="tearDown()[pri:0, instance:R_tests.R_HomePageTest@c46bcd4]" name="tearDown" is-config="true" duration-ms="136" started-at="2020-06-30T14:02:21 EDT" finished-at="2020-06-30T14:02:21 EDT">
          <reporter-output>
          </reporter-output>
        </test-method> <!-- tearDown -->
        <test-method status="PASS" signature="SetUp()[pri:0, instance:R_tests.R_HomePageTest@c46bcd4]" name="SetUp" is-config="true" duration-ms="3581" started-at="2020-06-30T14:02:21 EDT" finished-at="2020-06-30T14:02:24 EDT">
          <reporter-output>
          </reporter-output>
        </test-method> <!-- SetUp -->
        <test-method status="PASS" signature="WhoWeAreTest()[pri:0, instance:R_tests.R_HomePageTest@c46bcd4]" name="WhoWeAreTest" duration-ms="3617" started-at="2020-06-30T14:02:24 EDT" finished-at="2020-06-30T14:02:28 EDT">
          <reporter-output>
          </reporter-output>
        </test-method> <!-- WhoWeAreTest -->
        <test-method status="PASS" signature="tearDown()[pri:0, instance:R_tests.R_HomePageTest@c46bcd4]" name="tearDown" is-config="true" duration-ms="131" started-at="2020-06-30T14:02:28 EDT" finished-at="2020-06-30T14:02:28 EDT">
          <reporter-output>
          </reporter-output>
        </test-method> <!-- tearDown -->
        <test-method status="PASS" signature="SetUp()[pri:0, instance:R_tests.R_HomePageTest@c46bcd4]" name="SetUp" is-config="true" duration-ms="3629" started-at="2020-06-30T14:02:28 EDT" finished-at="2020-06-30T14:02:32 EDT">
          <reporter-output>
          </reporter-output>
        </test-method> <!-- SetUp -->
        <test-method status="PASS" signature="logoTest()[pri:0, instance:R_tests.R_HomePageTest@c46bcd4]" name="logoTest" duration-ms="3883" started-at="2020-06-30T14:02:32 EDT" finished-at="2020-06-30T14:02:36 EDT">
          <reporter-output>
          </reporter-output>
        </test-method> <!-- logoTest -->
        <test-method status="PASS" signature="tearDown()[pri:0, instance:R_tests.R_HomePageTest@c46bcd4]" name="tearDown" is-config="true" duration-ms="143" started-at="2020-06-30T14:02:36 EDT" finished-at="2020-06-30T14:02:36 EDT">
          <reporter-output>
          </reporter-output>
        </test-method> <!-- tearDown -->
      </class> <!-- R_tests.R_HomePageTest -->
      <class name="R_tests.R_CareerTest">
        <test-method status="PASS" signature="SetUp()[pri:0, instance:R_tests.R_CareerTest@3d921e20]" name="SetUp" is-config="true" duration-ms="7689" started-at="2020-06-30T14:03:27 EDT" finished-at="2020-06-30T14:03:35 EDT">
          <reporter-output>
          </reporter-output>
        </test-method> <!-- SetUp -->
        <test-method status="PASS" signature="validCareerFormTest()[pri:0, instance:R_tests.R_CareerTest@3d921e20]" name="validCareerFormTest" duration-ms="29753" started-at="2020-06-30T14:03:35 EDT" finished-at="2020-06-30T14:04:05 EDT">
          <reporter-output>
          </reporter-output>
        </test-method> <!-- validCareerFormTest -->
        <test-method status="PASS" signature="tearDown()[pri:0, instance:R_tests.R_CareerTest@3d921e20]" name="tearDown" is-config="true" duration-ms="197" started-at="2020-06-30T14:04:05 EDT" finished-at="2020-06-30T14:04:05 EDT">
          <reporter-output>
          </reporter-output>
        </test-method> <!-- tearDown -->
      </class> <!-- R_tests.R_CareerTest -->
      <class name="R_tests.R_EnquireNowTest">
        <test-method status="PASS" signature="SetUp()[pri:0, instance:R_tests.R_EnquireNowTest@3234e239]" name="SetUp" is-config="true" duration-ms="7140" started-at="2020-06-30T14:02:36 EDT" finished-at="2020-06-30T14:02:43 EDT">
          <reporter-output>
          </reporter-output>
        </test-method> <!-- SetUp -->
        <test-method status="PASS" signature="validEnquireNowFormTest()[pri:0, instance:R_tests.R_EnquireNowTest@3234e239]" name="validEnquireNowFormTest" duration-ms="44152" started-at="2020-06-30T14:02:43 EDT" finished-at="2020-06-30T14:03:27 EDT">
          <reporter-output>
          </reporter-output>
        </test-method> <!-- validEnquireNowFormTest -->
        <test-method status="PASS" signature="tearDown()[pri:0, instance:R_tests.R_EnquireNowTest@3234e239]" name="tearDown" is-config="true" duration-ms="173" started-at="2020-06-30T14:03:27 EDT" finished-at="2020-06-30T14:03:27 EDT">
          <reporter-output>
          </reporter-output>
        </test-method> <!-- tearDown -->
      </class> <!-- R_tests.R_EnquireNowTest -->
    </test> <!-- Roicians Test Cases -->
  </suite> <!-- Roicians Website Project -->
</testng-results>
